[0.115s] DEBUG:colcon:Command line arguments: ['/usr/bin/colcon', 'build']
[0.115s] DEBUG:colcon:Parsed command line arguments: Namespace(log_base=None, log_level=None, verb_name='build', build_base='build', install_base='install', merge_install=False, symlink_install=False, test_result_base=None, continue_on_error=False, executor='parallel', parallel_workers=12, event_handlers=None, ignore_user_meta=False, metas=['./colcon.meta'], base_paths=['.'], packages_ignore=None, packages_ignore_regex=None, paths=None, packages_up_to=None, packages_up_to_regex=None, packages_above=None, packages_above_and_dependencies=None, packages_above_depth=None, packages_select_by_dep=None, packages_skip_by_dep=None, packages_skip_up_to=None, packages_select_build_failed=False, packages_skip_build_finished=False, packages_select_test_failures=False, packages_skip_test_passed=False, packages_select=None, packages_skip=None, packages_select_regex=None, packages_skip_regex=None, packages_start=None, packages_end=None, allow_overriding=[], cmake_args=None, cmake_target=None, cmake_target_skip_unavailable=False, cmake_clean_cache=False, cmake_clean_first=False, cmake_force_configure=False, ament_cmake_args=None, catkin_cmake_args=None, catkin_skip_building_tests=False, verb_parser=<colcon_defaults.argument_parser.defaults.DefaultArgumentsDecorator object at 0x79a3723e41f0>, verb_extension=<colcon_core.verb.build.BuildVerb object at 0x79a3725534f0>, main=<bound method BuildVerb.main of <colcon_core.verb.build.BuildVerb object at 0x79a3725534f0>>)
[0.322s] Level 1:colcon.colcon_core.package_discovery:discover_packages(colcon_meta) check parameters
[0.322s] Level 1:colcon.colcon_core.package_discovery:discover_packages(recursive) check parameters
[0.322s] Level 1:colcon.colcon_core.package_discovery:discover_packages(ignore) check parameters
[0.322s] Level 1:colcon.colcon_core.package_discovery:discover_packages(path) check parameters
[0.322s] Level 1:colcon.colcon_core.package_discovery:discover_packages(colcon_meta) discover
[0.322s] Level 1:colcon.colcon_core.package_discovery:discover_packages(recursive) discover
[0.322s] INFO:colcon.colcon_core.package_discovery:Crawling recursively for packages in '/home/gunwon/object_detection_ws'
[0.322s] Level 1:colcon.colcon_core.package_identification:_identify(.) by extensions ['ignore', 'ignore_ament_install']
[0.322s] Level 1:colcon.colcon_core.package_identification:_identify(.) by extension 'ignore'
[0.322s] Level 1:colcon.colcon_core.package_identification:_identify(.) by extension 'ignore_ament_install'
[0.322s] Level 1:colcon.colcon_core.package_identification:_identify(.) by extensions ['colcon_pkg']
[0.322s] Level 1:colcon.colcon_core.package_identification:_identify(.) by extension 'colcon_pkg'
[0.322s] Level 1:colcon.colcon_core.package_identification:_identify(.) by extensions ['colcon_meta']
[0.322s] Level 1:colcon.colcon_core.package_identification:_identify(.) by extension 'colcon_meta'
[0.322s] Level 1:colcon.colcon_core.package_identification:_identify(.) by extensions ['ros']
[0.323s] Level 1:colcon.colcon_core.package_identification:_identify(.) by extension 'ros'
[0.332s] Level 1:colcon.colcon_core.package_identification:_identify(.) by extensions ['cmake', 'python']
[0.332s] Level 1:colcon.colcon_core.package_identification:_identify(.) by extension 'cmake'
[0.332s] Level 1:colcon.colcon_core.package_identification:_identify(.) by extension 'python'
[0.332s] Level 1:colcon.colcon_core.package_identification:_identify(.) by extensions ['python_setup_py']
[0.332s] Level 1:colcon.colcon_core.package_identification:_identify(.) by extension 'python_setup_py'
[0.332s] Level 1:colcon.colcon_core.package_identification:_identify(build) by extensions ['ignore', 'ignore_ament_install']
[0.332s] Level 1:colcon.colcon_core.package_identification:_identify(build) by extension 'ignore'
[0.332s] Level 1:colcon.colcon_core.package_identification:_identify(build) ignored
[0.332s] Level 1:colcon.colcon_core.package_identification:_identify(install) by extensions ['ignore', 'ignore_ament_install']
[0.332s] Level 1:colcon.colcon_core.package_identification:_identify(install) by extension 'ignore'
[0.332s] Level 1:colcon.colcon_core.package_identification:_identify(install) ignored
[0.332s] Level 1:colcon.colcon_core.package_identification:_identify(log) by extensions ['ignore', 'ignore_ament_install']
[0.332s] Level 1:colcon.colcon_core.package_identification:_identify(log) by extension 'ignore'
[0.332s] Level 1:colcon.colcon_core.package_identification:_identify(log) ignored
[0.333s] Level 1:colcon.colcon_core.package_identification:_identify(output) by extensions ['ignore', 'ignore_ament_install']
[0.333s] Level 1:colcon.colcon_core.package_identification:_identify(output) by extension 'ignore'
[0.333s] Level 1:colcon.colcon_core.package_identification:_identify(output) by extension 'ignore_ament_install'
[0.333s] Level 1:colcon.colcon_core.package_identification:_identify(output) by extensions ['colcon_pkg']
[0.333s] Level 1:colcon.colcon_core.package_identification:_identify(output) by extension 'colcon_pkg'
[0.333s] Level 1:colcon.colcon_core.package_identification:_identify(output) by extensions ['colcon_meta']
[0.333s] Level 1:colcon.colcon_core.package_identification:_identify(output) by extension 'colcon_meta'
[0.333s] Level 1:colcon.colcon_core.package_identification:_identify(output) by extensions ['ros']
[0.333s] Level 1:colcon.colcon_core.package_identification:_identify(output) by extension 'ros'
[0.333s] Level 1:colcon.colcon_core.package_identification:_identify(output) by extensions ['cmake', 'python']
[0.333s] Level 1:colcon.colcon_core.package_identification:_identify(output) by extension 'cmake'
[0.333s] Level 1:colcon.colcon_core.package_identification:_identify(output) by extension 'python'
[0.333s] Level 1:colcon.colcon_core.package_identification:_identify(output) by extensions ['python_setup_py']
[0.333s] Level 1:colcon.colcon_core.package_identification:_identify(output) by extension 'python_setup_py'
[0.333s] Level 1:colcon.colcon_core.package_identification:_identify(src) by extensions ['ignore', 'ignore_ament_install']
[0.333s] Level 1:colcon.colcon_core.package_identification:_identify(src) by extension 'ignore'
[0.333s] Level 1:colcon.colcon_core.package_identification:_identify(src) by extension 'ignore_ament_install'
[0.333s] Level 1:colcon.colcon_core.package_identification:_identify(src) by extensions ['colcon_pkg']
[0.333s] Level 1:colcon.colcon_core.package_identification:_identify(src) by extension 'colcon_pkg'
[0.333s] Level 1:colcon.colcon_core.package_identification:_identify(src) by extensions ['colcon_meta']
[0.333s] Level 1:colcon.colcon_core.package_identification:_identify(src) by extension 'colcon_meta'
[0.333s] Level 1:colcon.colcon_core.package_identification:_identify(src) by extensions ['ros']
[0.333s] Level 1:colcon.colcon_core.package_identification:_identify(src) by extension 'ros'
[0.333s] Level 1:colcon.colcon_core.package_identification:_identify(src) by extensions ['cmake', 'python']
[0.333s] Level 1:colcon.colcon_core.package_identification:_identify(src) by extension 'cmake'
[0.334s] Level 1:colcon.colcon_core.package_identification:_identify(src) by extension 'python'
[0.334s] Level 1:colcon.colcon_core.package_identification:_identify(src) by extensions ['python_setup_py']
[0.334s] Level 1:colcon.colcon_core.package_identification:_identify(src) by extension 'python_setup_py'
[0.334s] Level 1:colcon.colcon_core.package_identification:_identify(src/yolo_detection) by extensions ['ignore', 'ignore_ament_install']
[0.334s] Level 1:colcon.colcon_core.package_identification:_identify(src/yolo_detection) by extension 'ignore'
[0.334s] Level 1:colcon.colcon_core.package_identification:_identify(src/yolo_detection) by extension 'ignore_ament_install'
[0.334s] Level 1:colcon.colcon_core.package_identification:_identify(src/yolo_detection) by extensions ['colcon_pkg']
[0.334s] Level 1:colcon.colcon_core.package_identification:_identify(src/yolo_detection) by extension 'colcon_pkg'
[0.334s] Level 1:colcon.colcon_core.package_identification:_identify(src/yolo_detection) by extensions ['colcon_meta']
[0.334s] Level 1:colcon.colcon_core.package_identification:_identify(src/yolo_detection) by extension 'colcon_meta'
[0.334s] Level 1:colcon.colcon_core.package_identification:_identify(src/yolo_detection) by extensions ['ros']
[0.334s] Level 1:colcon.colcon_core.package_identification:_identify(src/yolo_detection) by extension 'ros'
[0.336s] DEBUG:colcon.colcon_core.package_identification:Package 'src/yolo_detection' with type 'ros.ament_python' and name 'yolo_detection'
[0.336s] Level 1:colcon.colcon_core.package_discovery:discover_packages(recursive) using defaults
[0.336s] Level 1:colcon.colcon_core.package_discovery:discover_packages(ignore) discover
[0.336s] Level 1:colcon.colcon_core.package_discovery:discover_packages(ignore) using defaults
[0.336s] Level 1:colcon.colcon_core.package_discovery:discover_packages(path) discover
[0.336s] Level 1:colcon.colcon_core.package_discovery:discover_packages(path) using defaults
[0.353s] Level 1:colcon.colcon_core.package_discovery:discover_packages(prefix_path) check parameters
[0.353s] Level 1:colcon.colcon_core.package_discovery:discover_packages(prefix_path) discover
[0.355s] DEBUG:colcon.colcon_installed_package_information.package_discovery:Found 1 installed packages in /home/gunwon/object_detection_ws/install
[0.356s] DEBUG:colcon.colcon_installed_package_information.package_discovery:Found 377 installed packages in /opt/ros/humble
[0.358s] Level 1:colcon.colcon_core.package_discovery:discover_packages(prefix_path) using defaults
[0.396s] Level 5:colcon.colcon_core.verb:set package 'yolo_detection' build argument 'cmake_args' from command line to 'None'
[0.396s] Level 5:colcon.colcon_core.verb:set package 'yolo_detection' build argument 'cmake_target' from command line to 'None'
[0.396s] Level 5:colcon.colcon_core.verb:set package 'yolo_detection' build argument 'cmake_target_skip_unavailable' from command line to 'False'
[0.396s] Level 5:colcon.colcon_core.verb:set package 'yolo_detection' build argument 'cmake_clean_cache' from command line to 'False'
[0.396s] Level 5:colcon.colcon_core.verb:set package 'yolo_detection' build argument 'cmake_clean_first' from command line to 'False'
[0.396s] Level 5:colcon.colcon_core.verb:set package 'yolo_detection' build argument 'cmake_force_configure' from command line to 'False'
[0.396s] Level 5:colcon.colcon_core.verb:set package 'yolo_detection' build argument 'ament_cmake_args' from command line to 'None'
[0.396s] Level 5:colcon.colcon_core.verb:set package 'yolo_detection' build argument 'catkin_cmake_args' from command line to 'None'
[0.396s] Level 5:colcon.colcon_core.verb:set package 'yolo_detection' build argument 'catkin_skip_building_tests' from command line to 'False'
[0.396s] DEBUG:colcon.colcon_core.verb:Building package 'yolo_detection' with the following arguments: {'ament_cmake_args': None, 'build_base': '/home/gunwon/object_detection_ws/build/yolo_detection', 'catkin_cmake_args': None, 'catkin_skip_building_tests': False, 'cmake_args': None, 'cmake_clean_cache': False, 'cmake_clean_first': False, 'cmake_force_configure': False, 'cmake_target': None, 'cmake_target_skip_unavailable': False, 'install_base': '/home/gunwon/object_detection_ws/install/yolo_detection', 'merge_install': False, 'path': '/home/gunwon/object_detection_ws/src/yolo_detection', 'symlink_install': False, 'test_result_base': None}
[0.396s] INFO:colcon.colcon_core.executor:Executing jobs using 'parallel' executor
[0.397s] DEBUG:colcon.colcon_parallel_executor.executor.parallel:run_until_complete
[0.397s] INFO:colcon.colcon_ros.task.ament_python.build:Building ROS package in '/home/gunwon/object_detection_ws/src/yolo_detection' with build type 'ament_python'
[0.397s] Level 1:colcon.colcon_core.shell:create_environment_hook('yolo_detection', 'ament_prefix_path')
[0.399s] INFO:colcon.colcon_core.plugin_system:Skipping extension 'colcon_core.shell.bat': Not used on non-Windows systems
[0.400s] INFO:colcon.colcon_core.shell:Creating environment hook '/home/gunwon/object_detection_ws/install/yolo_detection/share/yolo_detection/hook/ament_prefix_path.ps1'
[0.400s] INFO:colcon.colcon_core.shell:Creating environment descriptor '/home/gunwon/object_detection_ws/install/yolo_detection/share/yolo_detection/hook/ament_prefix_path.dsv'
[0.400s] INFO:colcon.colcon_core.shell:Creating environment hook '/home/gunwon/object_detection_ws/install/yolo_detection/share/yolo_detection/hook/ament_prefix_path.sh'
[0.401s] INFO:colcon.colcon_core.shell:Skip shell extension 'powershell' for command environment: Not usable outside of PowerShell
[0.401s] DEBUG:colcon.colcon_core.shell:Skip shell extension 'dsv' for command environment
[0.698s] INFO:colcon.colcon_core.task.python.build:Building Python package in '/home/gunwon/object_detection_ws/src/yolo_detection'
[0.699s] INFO:colcon.colcon_core.shell:Skip shell extension 'powershell' for command environment: Not usable outside of PowerShell
[0.699s] DEBUG:colcon.colcon_core.shell:Skip shell extension 'dsv' for command environment
[1.120s] DEBUG:colcon.colcon_core.event_handler.log_command:Invoking command in '/home/gunwon/object_detection_ws/src/yolo_detection': PYTHONPATH=/home/gunwon/object_detection_ws/build/yolo_detection/prefix_override:/usr/lib/python3/dist-packages/colcon_core/task/python/colcon_distutils_commands:/home/gunwon/object_detection_ws/install/yolo_detection/lib/python3.10/site-packages:${PYTHONPATH} /usr/bin/python3 -W ignore:setup.py install is deprecated -W ignore:easy_install command is deprecated setup.py egg_info --egg-base ../../build/yolo_detection build --build-base /home/gunwon/object_detection_ws/build/yolo_detection/build install --record /home/gunwon/object_detection_ws/build/yolo_detection/install.log --single-version-externally-managed install_data
[1.437s] DEBUG:colcon.colcon_core.event_handler.log_command:Invoked command in '/home/gunwon/object_detection_ws/src/yolo_detection' returned '0': PYTHONPATH=/home/gunwon/object_detection_ws/build/yolo_detection/prefix_override:/usr/lib/python3/dist-packages/colcon_core/task/python/colcon_distutils_commands:/home/gunwon/object_detection_ws/install/yolo_detection/lib/python3.10/site-packages:${PYTHONPATH} /usr/bin/python3 -W ignore:setup.py install is deprecated -W ignore:easy_install command is deprecated setup.py egg_info --egg-base ../../build/yolo_detection build --build-base /home/gunwon/object_detection_ws/build/yolo_detection/build install --record /home/gunwon/object_detection_ws/build/yolo_detection/install.log --single-version-externally-managed install_data
[1.439s] Level 1:colcon.colcon_core.environment:checking '/home/gunwon/object_detection_ws/install/yolo_detection' for CMake module files
[1.440s] Level 1:colcon.colcon_core.environment:checking '/home/gunwon/object_detection_ws/install/yolo_detection' for CMake config files
[1.440s] Level 1:colcon.colcon_core.environment:checking '/home/gunwon/object_detection_ws/install/yolo_detection/lib'
[1.440s] Level 1:colcon.colcon_core.environment:checking '/home/gunwon/object_detection_ws/install/yolo_detection/bin'
[1.440s] Level 1:colcon.colcon_core.environment:checking '/home/gunwon/object_detection_ws/install/yolo_detection/lib/pkgconfig/yolo_detection.pc'
[1.441s] Level 1:colcon.colcon_core.environment:checking '/home/gunwon/object_detection_ws/install/yolo_detection/lib/python3.10/site-packages'
[1.441s] Level 1:colcon.colcon_core.shell:create_environment_hook('yolo_detection', 'pythonpath')
[1.441s] INFO:colcon.colcon_core.shell:Creating environment hook '/home/gunwon/object_detection_ws/install/yolo_detection/share/yolo_detection/hook/pythonpath.ps1'
[1.441s] INFO:colcon.colcon_core.shell:Creating environment descriptor '/home/gunwon/object_detection_ws/install/yolo_detection/share/yolo_detection/hook/pythonpath.dsv'
[1.441s] INFO:colcon.colcon_core.shell:Creating environment hook '/home/gunwon/object_detection_ws/install/yolo_detection/share/yolo_detection/hook/pythonpath.sh'
[1.442s] Level 1:colcon.colcon_core.environment:checking '/home/gunwon/object_detection_ws/install/yolo_detection/bin'
[1.442s] Level 1:colcon.colcon_core.environment:create_environment_scripts_only(yolo_detection)
[1.442s] INFO:colcon.colcon_core.shell:Creating package script '/home/gunwon/object_detection_ws/install/yolo_detection/share/yolo_detection/package.ps1'
[1.443s] INFO:colcon.colcon_core.shell:Creating package descriptor '/home/gunwon/object_detection_ws/install/yolo_detection/share/yolo_detection/package.dsv'
[1.443s] INFO:colcon.colcon_core.shell:Creating package script '/home/gunwon/object_detection_ws/install/yolo_detection/share/yolo_detection/package.sh'
[1.444s] INFO:colcon.colcon_core.shell:Creating package script '/home/gunwon/object_detection_ws/install/yolo_detection/share/yolo_detection/package.bash'
[1.445s] INFO:colcon.colcon_core.shell:Creating package script '/home/gunwon/object_detection_ws/install/yolo_detection/share/yolo_detection/package.zsh'
[1.445s] Level 1:colcon.colcon_core.environment:create_file_with_runtime_dependencies(/home/gunwon/object_detection_ws/install/yolo_detection/share/colcon-core/packages/yolo_detection)
[1.445s] DEBUG:colcon.colcon_parallel_executor.executor.parallel:closing loop
[1.446s] DEBUG:colcon.colcon_parallel_executor.executor.parallel:loop closed
[1.446s] DEBUG:colcon.colcon_parallel_executor.executor.parallel:run_until_complete finished with '0'
[1.446s] DEBUG:colcon.colcon_core.event_reactor:joining thread
[1.456s] INFO:colcon.colcon_core.plugin_system:Skipping extension 'colcon_notification.desktop_notification.terminal_notifier': Not used on non-Darwin systems
[1.456s] INFO:colcon.colcon_core.plugin_system:Skipping extension 'colcon_notification.desktop_notification.win32': Not used on non-Windows systems
[1.456s] INFO:colcon.colcon_notification.desktop_notification:Sending desktop notification using 'notify2'
[1.485s] DEBUG:colcon.colcon_core.event_reactor:joined thread
[1.485s] INFO:colcon.colcon_core.shell:Creating prefix script '/home/gunwon/object_detection_ws/install/local_setup.ps1'
[1.487s] INFO:colcon.colcon_core.shell:Creating prefix util module '/home/gunwon/object_detection_ws/install/_local_setup_util_ps1.py'
[1.490s] INFO:colcon.colcon_core.shell:Creating prefix chain script '/home/gunwon/object_detection_ws/install/setup.ps1'
[1.493s] INFO:colcon.colcon_core.shell:Creating prefix script '/home/gunwon/object_detection_ws/install/local_setup.sh'
[1.494s] INFO:colcon.colcon_core.shell:Creating prefix util module '/home/gunwon/object_detection_ws/install/_local_setup_util_sh.py'
[1.495s] INFO:colcon.colcon_core.shell:Creating prefix chain script '/home/gunwon/object_detection_ws/install/setup.sh'
[1.498s] INFO:colcon.colcon_core.shell:Creating prefix script '/home/gunwon/object_detection_ws/install/local_setup.bash'
[1.499s] INFO:colcon.colcon_core.shell:Creating prefix chain script '/home/gunwon/object_detection_ws/install/setup.bash'
[1.501s] INFO:colcon.colcon_core.shell:Creating prefix script '/home/gunwon/object_detection_ws/install/local_setup.zsh'
[1.502s] INFO:colcon.colcon_core.shell:Creating prefix chain script '/home/gunwon/object_detection_ws/install/setup.zsh'
