[0.761s] Invoking command in '/home/gunwon/object_detection_ws/src/yolo_detection': AMENT_PREFIX_PATH=/home/gunwon/object_detection_ws/install/my_interfaces:${AMENT_PREFIX_PATH} CMAKE_PREFIX_PATH=/home/gunwon/object_detection_ws/install/my_interfaces LD_LIBRARY_PATH=/home/gunwon/object_detection_ws/install/my_interfaces/lib:/usr/local/cuda-12.1/lib64:/home/gunwon/genesis/ext/ParticleMesher/ParticleMesherPy:/usr/lib/x86_64-linux-gnu/gazebo-11/plugins:/opt/ros/humble/opt/rviz_ogre_vendor/lib:/opt/ros/humble/lib/x86_64-linux-gnu:/opt/ros/humble/lib:/usr/lib/x86_64-linux-gnu/gazebo-11/plugins PYTHONPATH=/home/gunwon/object_detection_ws/build/yolo_detection/prefix_override:/usr/lib/python3/dist-packages/colcon_core/task/python/colcon_distutils_commands:/home/gunwon/object_detection_ws/install/yolo_detection/lib/python3.10/site-packages:/home/gunwon/object_detection_ws/install/my_interfaces/local/lib/python3.10/dist-packages:${PYTHONPATH} /usr/bin/python3 -W ignore:setup.py install is deprecated -W ignore:easy_install command is deprecated setup.py egg_info --egg-base ../../build/yolo_detection build --build-base /home/gunwon/object_detection_ws/build/yolo_detection/build install --record /home/gunwon/object_detection_ws/build/yolo_detection/install.log --single-version-externally-managed install_data
[1.070s] running egg_info
[1.071s] writing ../../build/yolo_detection/yolo_detection.egg-info/PKG-INFO
[1.071s] writing dependency_links to ../../build/yolo_detection/yolo_detection.egg-info/dependency_links.txt
[1.071s] writing entry points to ../../build/yolo_detection/yolo_detection.egg-info/entry_points.txt
[1.072s] writing requirements to ../../build/yolo_detection/yolo_detection.egg-info/requires.txt
[1.072s] writing top-level names to ../../build/yolo_detection/yolo_detection.egg-info/top_level.txt
[1.074s] reading manifest file '../../build/yolo_detection/yolo_detection.egg-info/SOURCES.txt'
[1.075s] writing manifest file '../../build/yolo_detection/yolo_detection.egg-info/SOURCES.txt'
[1.075s] running build
[1.075s] running build_py
[1.075s] copying yolo_detection/camera_image_publisher.py -> /home/gunwon/object_detection_ws/build/yolo_detection/build/lib/yolo_detection
[1.076s] running install
[1.076s] running install_lib
[1.077s] copying /home/gunwon/object_detection_ws/build/yolo_detection/build/lib/yolo_detection/camera_image_publisher.py -> /home/gunwon/object_detection_ws/install/yolo_detection/lib/python3.10/site-packages/yolo_detection
[1.078s] byte-compiling /home/gunwon/object_detection_ws/install/yolo_detection/lib/python3.10/site-packages/yolo_detection/camera_image_publisher.py to camera_image_publisher.cpython-310.pyc
[1.079s] running install_data
[1.079s] running install_egg_info
[1.081s] removing '/home/gunwon/object_detection_ws/install/yolo_detection/lib/python3.10/site-packages/yolo_detection-0.0.0-py3.10.egg-info' (and everything under it)
[1.081s] Copying ../../build/yolo_detection/yolo_detection.egg-info to /home/gunwon/object_detection_ws/install/yolo_detection/lib/python3.10/site-packages/yolo_detection-0.0.0-py3.10.egg-info
[1.082s] running install_scripts
[1.101s] Installing camera_image_publisher_node script to /home/gunwon/object_detection_ws/install/yolo_detection/lib/yolo_detection
[1.101s] Installing yolo_publisher_node script to /home/gunwon/object_detection_ws/install/yolo_detection/lib/yolo_detection
[1.101s] Installing yolo_subscriber_node script to /home/gunwon/object_detection_ws/install/yolo_detection/lib/yolo_detection
[1.101s] writing list of installed files to '/home/gunwon/object_detection_ws/build/yolo_detection/install.log'
[1.145s] Invoked command in '/home/gunwon/object_detection_ws/src/yolo_detection' returned '0': AMENT_PREFIX_PATH=/home/gunwon/object_detection_ws/install/my_interfaces:${AMENT_PREFIX_PATH} CMAKE_PREFIX_PATH=/home/gunwon/object_detection_ws/install/my_interfaces LD_LIBRARY_PATH=/home/gunwon/object_detection_ws/install/my_interfaces/lib:/usr/local/cuda-12.1/lib64:/home/gunwon/genesis/ext/ParticleMesher/ParticleMesherPy:/usr/lib/x86_64-linux-gnu/gazebo-11/plugins:/opt/ros/humble/opt/rviz_ogre_vendor/lib:/opt/ros/humble/lib/x86_64-linux-gnu:/opt/ros/humble/lib:/usr/lib/x86_64-linux-gnu/gazebo-11/plugins PYTHONPATH=/home/gunwon/object_detection_ws/build/yolo_detection/prefix_override:/usr/lib/python3/dist-packages/colcon_core/task/python/colcon_distutils_commands:/home/gunwon/object_detection_ws/install/yolo_detection/lib/python3.10/site-packages:/home/gunwon/object_detection_ws/install/my_interfaces/local/lib/python3.10/dist-packages:${PYTHONPATH} /usr/bin/python3 -W ignore:setup.py install is deprecated -W ignore:easy_install command is deprecated setup.py egg_info --egg-base ../../build/yolo_detection build --build-base /home/gunwon/object_detection_ws/build/yolo_detection/build install --record /home/gunwon/object_detection_ws/build/yolo_detection/install.log --single-version-externally-managed install_data
