[0.744s] Invoking command in '/home/gunwon/object_detection_ws/src/yolo_detection': PYTHONPATH=/home/gunwon/object_detection_ws/build/yolo_detection/prefix_override:/usr/lib/python3/dist-packages/colcon_core/task/python/colcon_distutils_commands:/home/gunwon/object_detection_ws/install/yolo_detection/lib/python3.10/site-packages:${PYTHONPATH} /usr/bin/python3 -W ignore:setup.py install is deprecated -W ignore:easy_install command is deprecated setup.py egg_info --egg-base ../../build/yolo_detection build --build-base /home/gunwon/object_detection_ws/build/yolo_detection/build install --record /home/gunwon/object_detection_ws/build/yolo_detection/install.log --single-version-externally-managed install_data
[1.018s] running egg_info
[1.019s] writing ../../build/yolo_detection/yolo_detection.egg-info/PKG-INFO
[1.019s] writing dependency_links to ../../build/yolo_detection/yolo_detection.egg-info/dependency_links.txt
[1.019s] writing entry points to ../../build/yolo_detection/yolo_detection.egg-info/entry_points.txt
[1.019s] writing requirements to ../../build/yolo_detection/yolo_detection.egg-info/requires.txt
[1.020s] writing top-level names to ../../build/yolo_detection/yolo_detection.egg-info/top_level.txt
[1.021s] reading manifest file '../../build/yolo_detection/yolo_detection.egg-info/SOURCES.txt'
[1.022s] writing manifest file '../../build/yolo_detection/yolo_detection.egg-info/SOURCES.txt'
[1.023s] running build
[1.023s] running build_py
[1.023s] running install
[1.023s] running install_lib
[1.024s] running install_data
[1.024s] running install_egg_info
[1.026s] removing '/home/gunwon/object_detection_ws/install/yolo_detection/lib/python3.10/site-packages/yolo_detection-0.0.0-py3.10.egg-info' (and everything under it)
[1.026s] Copying ../../build/yolo_detection/yolo_detection.egg-info to /home/gunwon/object_detection_ws/install/yolo_detection/lib/python3.10/site-packages/yolo_detection-0.0.0-py3.10.egg-info
[1.027s] running install_scripts
[1.045s] Installing yolo_detection_node script to /home/gunwon/object_detection_ws/install/yolo_detection/lib/yolo_detection
[1.045s] writing list of installed files to '/home/gunwon/object_detection_ws/build/yolo_detection/install.log'
[1.079s] Invoked command in '/home/gunwon/object_detection_ws/src/yolo_detection' returned '0': PYTHONPATH=/home/gunwon/object_detection_ws/build/yolo_detection/prefix_override:/usr/lib/python3/dist-packages/colcon_core/task/python/colcon_distutils_commands:/home/gunwon/object_detection_ws/install/yolo_detection/lib/python3.10/site-packages:${PYTHONPATH} /usr/bin/python3 -W ignore:setup.py install is deprecated -W ignore:easy_install command is deprecated setup.py egg_info --egg-base ../../build/yolo_detection build --build-base /home/gunwon/object_detection_ws/build/yolo_detection/build install --record /home/gunwon/object_detection_ws/build/yolo_detection/install.log --single-version-externally-managed install_data
