[0.719s] Invoking command in '/home/gunwon/object_detection_ws/src/yolo_detection': LD_LIBRARY_PATH=/home/gunwon/object_detection_ws/install/my_interfaces/lib:/usr/local/cuda-12.1/lib64:/home/gunwon/genesis/ext/ParticleMesher/ParticleMesherPy:/usr/lib/x86_64-linux-gnu/gazebo-11/plugins:/opt/ros/humble/opt/rviz_ogre_vendor/lib:/opt/ros/humble/lib/x86_64-linux-gnu:/opt/ros/humble/lib:/usr/lib/x86_64-linux-gnu/gazebo-11/plugins PYTHONPATH=/home/gunwon/object_detection_ws/build/yolo_detection/prefix_override:/usr/lib/python3/dist-packages/colcon_core/task/python/colcon_distutils_commands:/home/gunwon/object_detection_ws/install/yolo_detection/lib/python3.10/site-packages:${PYTHONPATH} /usr/bin/python3 -W ignore:setup.py install is deprecated -W ignore:easy_install command is deprecated setup.py egg_info --egg-base ../../build/yolo_detection build --build-base /home/gunwon/object_detection_ws/build/yolo_detection/build install --record /home/gunwon/object_detection_ws/build/yolo_detection/install.log --single-version-externally-managed install_data
[0.985s] running egg_info
[0.986s] writing ../../build/yolo_detection/yolo_detection.egg-info/PKG-INFO
[0.986s] writing dependency_links to ../../build/yolo_detection/yolo_detection.egg-info/dependency_links.txt
[0.986s] writing entry points to ../../build/yolo_detection/yolo_detection.egg-info/entry_points.txt
[0.986s] writing requirements to ../../build/yolo_detection/yolo_detection.egg-info/requires.txt
[0.986s] writing top-level names to ../../build/yolo_detection/yolo_detection.egg-info/top_level.txt
[0.989s] reading manifest file '../../build/yolo_detection/yolo_detection.egg-info/SOURCES.txt'
[0.989s] writing manifest file '../../build/yolo_detection/yolo_detection.egg-info/SOURCES.txt'
[0.990s] running build
[0.990s] running build_py
[0.990s] running install
[0.990s] running install_lib
[0.991s] running install_data
[0.992s] running install_egg_info
[0.993s] removing '/home/gunwon/object_detection_ws/install/yolo_detection/lib/python3.10/site-packages/yolo_detection-0.0.0-py3.10.egg-info' (and everything under it)
[0.994s] Copying ../../build/yolo_detection/yolo_detection.egg-info to /home/gunwon/object_detection_ws/install/yolo_detection/lib/python3.10/site-packages/yolo_detection-0.0.0-py3.10.egg-info
[0.995s] running install_scripts
[1.012s] Installing camera_image_publisher_node script to /home/gunwon/object_detection_ws/install/yolo_detection/lib/yolo_detection
[1.012s] Installing yolo_publisher_node script to /home/gunwon/object_detection_ws/install/yolo_detection/lib/yolo_detection
[1.013s] Installing yolo_subscriber_node script to /home/gunwon/object_detection_ws/install/yolo_detection/lib/yolo_detection
[1.013s] writing list of installed files to '/home/gunwon/object_detection_ws/build/yolo_detection/install.log'
[1.051s] Invoked command in '/home/gunwon/object_detection_ws/src/yolo_detection' returned '0': LD_LIBRARY_PATH=/home/gunwon/object_detection_ws/install/my_interfaces/lib:/usr/local/cuda-12.1/lib64:/home/gunwon/genesis/ext/ParticleMesher/ParticleMesherPy:/usr/lib/x86_64-linux-gnu/gazebo-11/plugins:/opt/ros/humble/opt/rviz_ogre_vendor/lib:/opt/ros/humble/lib/x86_64-linux-gnu:/opt/ros/humble/lib:/usr/lib/x86_64-linux-gnu/gazebo-11/plugins PYTHONPATH=/home/gunwon/object_detection_ws/build/yolo_detection/prefix_override:/usr/lib/python3/dist-packages/colcon_core/task/python/colcon_distutils_commands:/home/gunwon/object_detection_ws/install/yolo_detection/lib/python3.10/site-packages:${PYTHONPATH} /usr/bin/python3 -W ignore:setup.py install is deprecated -W ignore:easy_install command is deprecated setup.py egg_info --egg-base ../../build/yolo_detection build --build-base /home/gunwon/object_detection_ws/build/yolo_detection/build install --record /home/gunwon/object_detection_ws/build/yolo_detection/install.log --single-version-externally-managed install_data
