/home/gunwon/object_detection_ws/install/yolo_detection/lib/python3.10/site-packages/yolo_detection/camera_image_publisher.py
/home/gunwon/object_detection_ws/install/yolo_detection/lib/python3.10/site-packages/yolo_detection/yolo_publisher.py
/home/gunwon/object_detection_ws/install/yolo_detection/lib/python3.10/site-packages/yolo_detection/setting_worker_client.py
/home/gunwon/object_detection_ws/install/yolo_detection/lib/python3.10/site-packages/yolo_detection/__init__.py
/home/gunwon/object_detection_ws/install/yolo_detection/lib/python3.10/site-packages/yolo_detection/yolo_subscriber.py
/home/gunwon/object_detection_ws/install/yolo_detection/lib/python3.10/site-packages/yolo_detection/__pycache__/camera_image_publisher.cpython-310.pyc
/home/gunwon/object_detection_ws/install/yolo_detection/lib/python3.10/site-packages/yolo_detection/__pycache__/yolo_publisher.cpython-310.pyc
/home/gunwon/object_detection_ws/install/yolo_detection/lib/python3.10/site-packages/yolo_detection/__pycache__/setting_worker_client.cpython-310.pyc
/home/gunwon/object_detection_ws/install/yolo_detection/lib/python3.10/site-packages/yolo_detection/__pycache__/__init__.cpython-310.pyc
/home/gunwon/object_detection_ws/install/yolo_detection/lib/python3.10/site-packages/yolo_detection/__pycache__/yolo_subscriber.cpython-310.pyc
/home/gunwon/object_detection_ws/install/yolo_detection/share/ament_index/resource_index/packages/yolo_detection
/home/gunwon/object_detection_ws/install/yolo_detection/share/yolo_detection/package.xml
/home/gunwon/object_detection_ws/install/yolo_detection/lib/python3.10/site-packages/yolo_detection-0.0.0-py3.10.egg-info/zip-safe
/home/gunwon/object_detection_ws/install/yolo_detection/lib/python3.10/site-packages/yolo_detection-0.0.0-py3.10.egg-info/top_level.txt
/home/gunwon/object_detection_ws/install/yolo_detection/lib/python3.10/site-packages/yolo_detection-0.0.0-py3.10.egg-info/dependency_links.txt
/home/gunwon/object_detection_ws/install/yolo_detection/lib/python3.10/site-packages/yolo_detection-0.0.0-py3.10.egg-info/SOURCES.txt
/home/gunwon/object_detection_ws/install/yolo_detection/lib/python3.10/site-packages/yolo_detection-0.0.0-py3.10.egg-info/PKG-INFO
/home/gunwon/object_detection_ws/install/yolo_detection/lib/python3.10/site-packages/yolo_detection-0.0.0-py3.10.egg-info/requires.txt
/home/gunwon/object_detection_ws/install/yolo_detection/lib/python3.10/site-packages/yolo_detection-0.0.0-py3.10.egg-info/entry_points.txt
/home/gunwon/object_detection_ws/install/yolo_detection/lib/yolo_detection/camera_image_publisher_node
/home/gunwon/object_detection_ws/install/yolo_detection/lib/yolo_detection/yolo_publisher_node
/home/gunwon/object_detection_ws/install/yolo_detection/lib/yolo_detection/yolo_subscriber_node
