[0.018s] Invoking command in '/home/gunwon/object_detection_ws/build/my_interfaces': CMAKE_PREFIX_PATH=/home/gunwon/object_detection_ws/install/yolo_detection:/opt/ros/humble /usr/bin/cmake --build /home/gunwon/object_detection_ws/build/my_interfaces -- -j12 -l12
[0.052s] -- Found ament_cmake: 1.3.11 (/opt/ros/humble/share/ament_cmake/cmake)
[0.181s] -- Found builtin_interfaces: 1.2.1 (/opt/ros/humble/share/builtin_interfaces/cmake)
[0.222s] -- Found rosidl_generator_c: 3.1.6 (/opt/ros/humble/share/rosidl_generator_c/cmake)
[0.224s] -- Found rosidl_adapter: 3.1.6 (/opt/ros/humble/share/rosidl_adapter/cmake)
[0.229s] -- Found rosidl_generator_cpp: 3.1.6 (/opt/ros/humble/share/rosidl_generator_cpp/cmake)
[0.238s] -- Using all available rosidl_typesupport_c: rosidl_typesupport_fastrtps_c;rosidl_typesupport_introspection_c
[0.248s] -- Using all available rosidl_typesupport_cpp: rosidl_typesupport_fastrtps_cpp;rosidl_typesupport_introspection_cpp
[0.258s] -- Found rosidl_default_generators: 1.2.0 (/opt/ros/humble/share/rosidl_default_generators/cmake)
[0.264s] -- Found std_msgs: 4.2.4 (/opt/ros/humble/share/std_msgs/cmake)
[0.274s] -- Found sensor_msgs: 4.2.4 (/opt/ros/humble/share/sensor_msgs/cmake)
[0.298s] [31mCMake Error at /opt/ros/humble/share/ament_cmake_target_dependencies/cmake/ament_target_dependencies.cmake:42 (message):
[0.299s]   ament_target_dependencies() the first argument must be a valid target name
[0.299s] Call Stack (most recent call first):
[0.299s]   CMakeLists.txt:15 (ament_target_dependencies)
[0.299s] 
[0.299s] [0m
[0.299s] -- Configuring incomplete, errors occurred!
[0.299s] See also "/home/gunwon/object_detection_ws/build/my_interfaces/CMakeFiles/CMakeOutput.log".
[0.304s] gmake: *** [Makefile:747: cmake_check_build_system] 오류 1
[0.310s] Invoked command in '/home/gunwon/object_detection_ws/build/my_interfaces' returned '2': CMAKE_PREFIX_PATH=/home/gunwon/object_detection_ws/install/yolo_detection:/opt/ros/humble /usr/bin/cmake --build /home/gunwon/object_detection_ws/build/my_interfaces -- -j12 -l12
