[0.020s] Invoking command in '/home/gunwon/object_detection_ws/build/my_interfaces': CMAKE_PREFIX_PATH=/opt/ros/humble /usr/bin/cmake --build /home/gunwon/object_detection_ws/build/my_interfaces -- -j12 -l12
[0.090s] [  3%] Built target my_interfaces__cpp
[0.096s] [ 12%] Built target my_interfaces__rosidl_generator_c
[0.105s] [ 12%] Built target ament_cmake_python_copy_my_interfaces
[0.124s] [ 32%] Built target my_interfaces__rosidl_typesupport_cpp
[0.124s] [ 32%] Built target my_interfaces__rosidl_typesupport_introspection_cpp
[0.127s] [ 41%] Built target my_interfaces__rosidl_typesupport_fastrtps_cpp
[0.131s] [ 51%] Built target my_interfaces__rosidl_typesupport_c
[0.131s] [ 61%] Built target my_interfaces__rosidl_typesupport_fastrtps_c
[0.132s] [ 70%] Built target my_interfaces__rosidl_typesupport_introspection_c
[0.160s] [ 70%] Built target my_interfaces
[0.188s] [ 74%] Built target my_interfaces__py
[0.216s] [ 80%] Built target my_interfaces__rosidl_generator_py
[0.246s] [ 93%] Built target my_interfaces__rosidl_typesupport_fastrtps_c__pyext
[0.246s] [ 93%] Built target my_interfaces__rosidl_typesupport_introspection_c__pyext
[0.251s] [100%] Built target my_interfaces__rosidl_typesupport_c__pyext
[0.418s] running egg_info
[0.418s] writing my_interfaces.egg-info/PKG-INFO
[0.419s] writing dependency_links to my_interfaces.egg-info/dependency_links.txt
[0.419s] writing top-level names to my_interfaces.egg-info/top_level.txt
[0.421s] reading manifest file 'my_interfaces.egg-info/SOURCES.txt'
[0.421s] writing manifest file 'my_interfaces.egg-info/SOURCES.txt'
[0.464s] [100%] Built target ament_cmake_python_build_my_interfaces_egg
[0.479s] Invoked command in '/home/gunwon/object_detection_ws/build/my_interfaces' returned '0': CMAKE_PREFIX_PATH=/opt/ros/humble /usr/bin/cmake --build /home/gunwon/object_detection_ws/build/my_interfaces -- -j12 -l12
[0.503s] Invoking command in '/home/gunwon/object_detection_ws/build/my_interfaces': CMAKE_PREFIX_PATH=/opt/ros/humble /usr/bin/cmake --install /home/gunwon/object_detection_ws/build/my_interfaces
[0.512s] -- Install configuration: ""
[0.512s] -- Up-to-date: /home/gunwon/object_detection_ws/install/my_interfaces/share/ament_index/resource_index/rosidl_interfaces/my_interfaces
[0.512s] -- Up-to-date: /home/gunwon/object_detection_ws/install/my_interfaces/include/my_interfaces/my_interfaces
[0.512s] -- Up-to-date: /home/gunwon/object_detection_ws/install/my_interfaces/include/my_interfaces/my_interfaces/msg
[0.513s] -- Up-to-date: /home/gunwon/object_detection_ws/install/my_interfaces/include/my_interfaces/my_interfaces/msg/detail
[0.513s] -- Up-to-date: /home/gunwon/object_detection_ws/install/my_interfaces/include/my_interfaces/my_interfaces/msg/detail/object_data__struct.h
[0.513s] -- Up-to-date: /home/gunwon/object_detection_ws/install/my_interfaces/include/my_interfaces/my_interfaces/msg/detail/object_data__functions.h
[0.513s] -- Up-to-date: /home/gunwon/object_detection_ws/install/my_interfaces/include/my_interfaces/my_interfaces/msg/detail/object_data__type_support.h
[0.513s] -- Up-to-date: /home/gunwon/object_detection_ws/install/my_interfaces/include/my_interfaces/my_interfaces/msg/detail/object_data__functions.c
[0.514s] -- Up-to-date: /home/gunwon/object_detection_ws/install/my_interfaces/include/my_interfaces/my_interfaces/msg/object_data.h
[0.514s] -- Up-to-date: /home/gunwon/object_detection_ws/install/my_interfaces/include/my_interfaces/my_interfaces/msg/rosidl_generator_c__visibility_control.h
[0.514s] -- Up-to-date: /home/gunwon/object_detection_ws/install/my_interfaces/share/my_interfaces/environment/library_path.sh
[0.514s] -- Up-to-date: /home/gunwon/object_detection_ws/install/my_interfaces/share/my_interfaces/environment/library_path.dsv
[0.514s] -- Up-to-date: /home/gunwon/object_detection_ws/install/my_interfaces/lib/libmy_interfaces__rosidl_generator_c.so
[0.514s] -- Up-to-date: /home/gunwon/object_detection_ws/install/my_interfaces/include/my_interfaces/my_interfaces
[0.515s] -- Up-to-date: /home/gunwon/object_detection_ws/install/my_interfaces/include/my_interfaces/my_interfaces/msg
[0.515s] -- Up-to-date: /home/gunwon/object_detection_ws/install/my_interfaces/include/my_interfaces/my_interfaces/msg/rosidl_typesupport_fastrtps_c__visibility_control.h
[0.515s] -- Up-to-date: /home/gunwon/object_detection_ws/install/my_interfaces/include/my_interfaces/my_interfaces/msg/detail
[0.515s] -- Up-to-date: /home/gunwon/object_detection_ws/install/my_interfaces/include/my_interfaces/my_interfaces/msg/detail/object_data__rosidl_typesupport_fastrtps_c.h
[0.515s] -- Up-to-date: /home/gunwon/object_detection_ws/install/my_interfaces/lib/libmy_interfaces__rosidl_typesupport_fastrtps_c.so
[0.515s] -- Up-to-date: /home/gunwon/object_detection_ws/install/my_interfaces/include/my_interfaces/my_interfaces
[0.516s] -- Up-to-date: /home/gunwon/object_detection_ws/install/my_interfaces/include/my_interfaces/my_interfaces/msg
[0.516s] -- Up-to-date: /home/gunwon/object_detection_ws/install/my_interfaces/include/my_interfaces/my_interfaces/msg/rosidl_generator_cpp__visibility_control.hpp
[0.516s] -- Up-to-date: /home/gunwon/object_detection_ws/install/my_interfaces/include/my_interfaces/my_interfaces/msg/object_data.hpp
[0.516s] -- Up-to-date: /home/gunwon/object_detection_ws/install/my_interfaces/include/my_interfaces/my_interfaces/msg/detail
[0.516s] -- Up-to-date: /home/gunwon/object_detection_ws/install/my_interfaces/include/my_interfaces/my_interfaces/msg/detail/object_data__builder.hpp
[0.517s] -- Up-to-date: /home/gunwon/object_detection_ws/install/my_interfaces/include/my_interfaces/my_interfaces/msg/detail/object_data__traits.hpp
[0.517s] -- Up-to-date: /home/gunwon/object_detection_ws/install/my_interfaces/include/my_interfaces/my_interfaces/msg/detail/object_data__struct.hpp
[0.517s] -- Up-to-date: /home/gunwon/object_detection_ws/install/my_interfaces/include/my_interfaces/my_interfaces/msg/detail/object_data__type_support.hpp
[0.517s] -- Up-to-date: /home/gunwon/object_detection_ws/install/my_interfaces/include/my_interfaces/my_interfaces
[0.517s] -- Up-to-date: /home/gunwon/object_detection_ws/install/my_interfaces/include/my_interfaces/my_interfaces/msg
[0.517s] -- Up-to-date: /home/gunwon/object_detection_ws/install/my_interfaces/include/my_interfaces/my_interfaces/msg/detail
[0.517s] -- Up-to-date: /home/gunwon/object_detection_ws/install/my_interfaces/include/my_interfaces/my_interfaces/msg/detail/object_data__rosidl_typesupport_fastrtps_cpp.hpp
[0.518s] -- Up-to-date: /home/gunwon/object_detection_ws/install/my_interfaces/include/my_interfaces/my_interfaces/msg/detail/dds_fastrtps
[0.518s] -- Up-to-date: /home/gunwon/object_detection_ws/install/my_interfaces/include/my_interfaces/my_interfaces/msg/rosidl_typesupport_fastrtps_cpp__visibility_control.h
[0.518s] -- Up-to-date: /home/gunwon/object_detection_ws/install/my_interfaces/lib/libmy_interfaces__rosidl_typesupport_fastrtps_cpp.so
[0.518s] -- Up-to-date: /home/gunwon/object_detection_ws/install/my_interfaces/include/my_interfaces/my_interfaces
[0.518s] -- Up-to-date: /home/gunwon/object_detection_ws/install/my_interfaces/include/my_interfaces/my_interfaces/msg
[0.518s] -- Up-to-date: /home/gunwon/object_detection_ws/install/my_interfaces/include/my_interfaces/my_interfaces/msg/rosidl_typesupport_introspection_c__visibility_control.h
[0.518s] -- Up-to-date: /home/gunwon/object_detection_ws/install/my_interfaces/include/my_interfaces/my_interfaces/msg/detail
[0.518s] -- Up-to-date: /home/gunwon/object_detection_ws/install/my_interfaces/include/my_interfaces/my_interfaces/msg/detail/object_data__type_support.c
[0.518s] -- Up-to-date: /home/gunwon/object_detection_ws/install/my_interfaces/include/my_interfaces/my_interfaces/msg/detail/object_data__rosidl_typesupport_introspection_c.h
[0.519s] -- Up-to-date: /home/gunwon/object_detection_ws/install/my_interfaces/lib/libmy_interfaces__rosidl_typesupport_introspection_c.so
[0.519s] -- Up-to-date: /home/gunwon/object_detection_ws/install/my_interfaces/lib/libmy_interfaces__rosidl_typesupport_c.so
[0.519s] -- Up-to-date: /home/gunwon/object_detection_ws/install/my_interfaces/include/my_interfaces/my_interfaces
[0.519s] -- Up-to-date: /home/gunwon/object_detection_ws/install/my_interfaces/include/my_interfaces/my_interfaces/msg
[0.519s] -- Up-to-date: /home/gunwon/object_detection_ws/install/my_interfaces/include/my_interfaces/my_interfaces/msg/detail
[0.519s] -- Up-to-date: /home/gunwon/object_detection_ws/install/my_interfaces/include/my_interfaces/my_interfaces/msg/detail/object_data__type_support.cpp
[0.519s] -- Up-to-date: /home/gunwon/object_detection_ws/install/my_interfaces/include/my_interfaces/my_interfaces/msg/detail/object_data__rosidl_typesupport_introspection_cpp.hpp
[0.519s] -- Up-to-date: /home/gunwon/object_detection_ws/install/my_interfaces/lib/libmy_interfaces__rosidl_typesupport_introspection_cpp.so
[0.519s] -- Up-to-date: /home/gunwon/object_detection_ws/install/my_interfaces/lib/libmy_interfaces__rosidl_typesupport_cpp.so
[0.520s] -- Up-to-date: /home/gunwon/object_detection_ws/install/my_interfaces/share/my_interfaces/environment/pythonpath.sh
[0.520s] -- Up-to-date: /home/gunwon/object_detection_ws/install/my_interfaces/share/my_interfaces/environment/pythonpath.dsv
[0.520s] -- Up-to-date: /home/gunwon/object_detection_ws/install/my_interfaces/local/lib/python3.10/dist-packages/my_interfaces-0.0.0-py3.10.egg-info
[0.520s] -- Installing: /home/gunwon/object_detection_ws/install/my_interfaces/local/lib/python3.10/dist-packages/my_interfaces-0.0.0-py3.10.egg-info/top_level.txt
[0.520s] -- Installing: /home/gunwon/object_detection_ws/install/my_interfaces/local/lib/python3.10/dist-packages/my_interfaces-0.0.0-py3.10.egg-info/dependency_links.txt
[0.520s] -- Installing: /home/gunwon/object_detection_ws/install/my_interfaces/local/lib/python3.10/dist-packages/my_interfaces-0.0.0-py3.10.egg-info/SOURCES.txt
[0.520s] -- Installing: /home/gunwon/object_detection_ws/install/my_interfaces/local/lib/python3.10/dist-packages/my_interfaces-0.0.0-py3.10.egg-info/PKG-INFO
[0.520s] -- Up-to-date: /home/gunwon/object_detection_ws/install/my_interfaces/local/lib/python3.10/dist-packages/my_interfaces
[0.520s] -- Up-to-date: /home/gunwon/object_detection_ws/install/my_interfaces/local/lib/python3.10/dist-packages/my_interfaces/libmy_interfaces__rosidl_generator_py.so
[0.521s] -- Up-to-date: /home/gunwon/object_detection_ws/install/my_interfaces/local/lib/python3.10/dist-packages/my_interfaces/_my_interfaces_s.ep.rosidl_typesupport_fastrtps_c.c
[0.521s] -- Up-to-date: /home/gunwon/object_detection_ws/install/my_interfaces/local/lib/python3.10/dist-packages/my_interfaces/__init__.py
[0.521s] -- Up-to-date: /home/gunwon/object_detection_ws/install/my_interfaces/local/lib/python3.10/dist-packages/my_interfaces/my_interfaces_s__rosidl_typesupport_fastrtps_c.cpython-310-x86_64-linux-gnu.so
[0.521s] -- Up-to-date: /home/gunwon/object_detection_ws/install/my_interfaces/local/lib/python3.10/dist-packages/my_interfaces/my_interfaces_s__rosidl_typesupport_c.cpython-310-x86_64-linux-gnu.so
[0.521s] -- Up-to-date: /home/gunwon/object_detection_ws/install/my_interfaces/local/lib/python3.10/dist-packages/my_interfaces/_my_interfaces_s.ep.rosidl_typesupport_c.c
[0.521s] -- Up-to-date: /home/gunwon/object_detection_ws/install/my_interfaces/local/lib/python3.10/dist-packages/my_interfaces/msg
[0.521s] -- Up-to-date: /home/gunwon/object_detection_ws/install/my_interfaces/local/lib/python3.10/dist-packages/my_interfaces/msg/_object_data_s.c
[0.521s] -- Up-to-date: /home/gunwon/object_detection_ws/install/my_interfaces/local/lib/python3.10/dist-packages/my_interfaces/msg/__init__.py
[0.521s] -- Up-to-date: /home/gunwon/object_detection_ws/install/my_interfaces/local/lib/python3.10/dist-packages/my_interfaces/msg/_object_data.py
[0.522s] -- Up-to-date: /home/gunwon/object_detection_ws/install/my_interfaces/local/lib/python3.10/dist-packages/my_interfaces/_my_interfaces_s.ep.rosidl_typesupport_introspection_c.c
[0.522s] -- Up-to-date: /home/gunwon/object_detection_ws/install/my_interfaces/local/lib/python3.10/dist-packages/my_interfaces/my_interfaces_s__rosidl_typesupport_introspection_c.cpython-310-x86_64-linux-gnu.so
[0.548s] Listing '/home/gunwon/object_detection_ws/install/my_interfaces/local/lib/python3.10/dist-packages/my_interfaces'...
[0.548s] Listing '/home/gunwon/object_detection_ws/install/my_interfaces/local/lib/python3.10/dist-packages/my_interfaces/msg'...
[0.553s] -- Up-to-date: /home/gunwon/object_detection_ws/install/my_interfaces/local/lib/python3.10/dist-packages/my_interfaces/my_interfaces_s__rosidl_typesupport_fastrtps_c.cpython-310-x86_64-linux-gnu.so
[0.553s] -- Up-to-date: /home/gunwon/object_detection_ws/install/my_interfaces/local/lib/python3.10/dist-packages/my_interfaces/my_interfaces_s__rosidl_typesupport_introspection_c.cpython-310-x86_64-linux-gnu.so
[0.554s] -- Up-to-date: /home/gunwon/object_detection_ws/install/my_interfaces/local/lib/python3.10/dist-packages/my_interfaces/my_interfaces_s__rosidl_typesupport_c.cpython-310-x86_64-linux-gnu.so
[0.555s] -- Up-to-date: /home/gunwon/object_detection_ws/install/my_interfaces/lib/libmy_interfaces__rosidl_generator_py.so
[0.555s] -- Up-to-date: /home/gunwon/object_detection_ws/install/my_interfaces/share/my_interfaces/msg/ObjectData.idl
[0.555s] -- Up-to-date: /home/gunwon/object_detection_ws/install/my_interfaces/share/my_interfaces/msg/ObjectData.msg
[0.555s] -- Up-to-date: /home/gunwon/object_detection_ws/install/my_interfaces/share/ament_index/resource_index/package_run_dependencies/my_interfaces
[0.555s] -- Up-to-date: /home/gunwon/object_detection_ws/install/my_interfaces/share/ament_index/resource_index/parent_prefix_path/my_interfaces
[0.555s] -- Up-to-date: /home/gunwon/object_detection_ws/install/my_interfaces/share/my_interfaces/environment/ament_prefix_path.sh
[0.555s] -- Up-to-date: /home/gunwon/object_detection_ws/install/my_interfaces/share/my_interfaces/environment/ament_prefix_path.dsv
[0.555s] -- Up-to-date: /home/gunwon/object_detection_ws/install/my_interfaces/share/my_interfaces/environment/path.sh
[0.555s] -- Up-to-date: /home/gunwon/object_detection_ws/install/my_interfaces/share/my_interfaces/environment/path.dsv
[0.555s] -- Up-to-date: /home/gunwon/object_detection_ws/install/my_interfaces/share/my_interfaces/local_setup.bash
[0.555s] -- Up-to-date: /home/gunwon/object_detection_ws/install/my_interfaces/share/my_interfaces/local_setup.sh
[0.555s] -- Up-to-date: /home/gunwon/object_detection_ws/install/my_interfaces/share/my_interfaces/local_setup.zsh
[0.555s] -- Up-to-date: /home/gunwon/object_detection_ws/install/my_interfaces/share/my_interfaces/local_setup.dsv
[0.556s] -- Installing: /home/gunwon/object_detection_ws/install/my_interfaces/share/my_interfaces/package.dsv
[0.556s] -- Up-to-date: /home/gunwon/object_detection_ws/install/my_interfaces/share/ament_index/resource_index/packages/my_interfaces
[0.556s] -- Up-to-date: /home/gunwon/object_detection_ws/install/my_interfaces/share/my_interfaces/cmake/export_my_interfaces__rosidl_generator_cExport.cmake
[0.556s] -- Up-to-date: /home/gunwon/object_detection_ws/install/my_interfaces/share/my_interfaces/cmake/export_my_interfaces__rosidl_generator_cExport-noconfig.cmake
[0.556s] -- Up-to-date: /home/gunwon/object_detection_ws/install/my_interfaces/share/my_interfaces/cmake/export_my_interfaces__rosidl_typesupport_fastrtps_cExport.cmake
[0.556s] -- Up-to-date: /home/gunwon/object_detection_ws/install/my_interfaces/share/my_interfaces/cmake/export_my_interfaces__rosidl_typesupport_fastrtps_cExport-noconfig.cmake
[0.556s] -- Up-to-date: /home/gunwon/object_detection_ws/install/my_interfaces/share/my_interfaces/cmake/export_my_interfaces__rosidl_generator_cppExport.cmake
[0.556s] -- Up-to-date: /home/gunwon/object_detection_ws/install/my_interfaces/share/my_interfaces/cmake/export_my_interfaces__rosidl_typesupport_fastrtps_cppExport.cmake
[0.556s] -- Up-to-date: /home/gunwon/object_detection_ws/install/my_interfaces/share/my_interfaces/cmake/export_my_interfaces__rosidl_typesupport_fastrtps_cppExport-noconfig.cmake
[0.557s] -- Up-to-date: /home/gunwon/object_detection_ws/install/my_interfaces/share/my_interfaces/cmake/my_interfaces__rosidl_typesupport_introspection_cExport.cmake
[0.557s] -- Up-to-date: /home/gunwon/object_detection_ws/install/my_interfaces/share/my_interfaces/cmake/my_interfaces__rosidl_typesupport_introspection_cExport-noconfig.cmake
[0.557s] -- Up-to-date: /home/gunwon/object_detection_ws/install/my_interfaces/share/my_interfaces/cmake/my_interfaces__rosidl_typesupport_cExport.cmake
[0.557s] -- Up-to-date: /home/gunwon/object_detection_ws/install/my_interfaces/share/my_interfaces/cmake/my_interfaces__rosidl_typesupport_cExport-noconfig.cmake
[0.557s] -- Up-to-date: /home/gunwon/object_detection_ws/install/my_interfaces/share/my_interfaces/cmake/my_interfaces__rosidl_typesupport_introspection_cppExport.cmake
[0.557s] -- Up-to-date: /home/gunwon/object_detection_ws/install/my_interfaces/share/my_interfaces/cmake/my_interfaces__rosidl_typesupport_introspection_cppExport-noconfig.cmake
[0.557s] -- Up-to-date: /home/gunwon/object_detection_ws/install/my_interfaces/share/my_interfaces/cmake/my_interfaces__rosidl_typesupport_cppExport.cmake
[0.558s] -- Up-to-date: /home/gunwon/object_detection_ws/install/my_interfaces/share/my_interfaces/cmake/my_interfaces__rosidl_typesupport_cppExport-noconfig.cmake
[0.558s] -- Up-to-date: /home/gunwon/object_detection_ws/install/my_interfaces/share/my_interfaces/cmake/export_my_interfaces__rosidl_generator_pyExport.cmake
[0.558s] -- Up-to-date: /home/gunwon/object_detection_ws/install/my_interfaces/share/my_interfaces/cmake/export_my_interfaces__rosidl_generator_pyExport-noconfig.cmake
[0.558s] -- Up-to-date: /home/gunwon/object_detection_ws/install/my_interfaces/share/my_interfaces/cmake/rosidl_cmake-extras.cmake
[0.558s] -- Up-to-date: /home/gunwon/object_detection_ws/install/my_interfaces/share/my_interfaces/cmake/ament_cmake_export_dependencies-extras.cmake
[0.558s] -- Up-to-date: /home/gunwon/object_detection_ws/install/my_interfaces/share/my_interfaces/cmake/ament_cmake_export_include_directories-extras.cmake
[0.558s] -- Up-to-date: /home/gunwon/object_detection_ws/install/my_interfaces/share/my_interfaces/cmake/ament_cmake_export_libraries-extras.cmake
[0.558s] -- Up-to-date: /home/gunwon/object_detection_ws/install/my_interfaces/share/my_interfaces/cmake/ament_cmake_export_targets-extras.cmake
[0.558s] -- Up-to-date: /home/gunwon/object_detection_ws/install/my_interfaces/share/my_interfaces/cmake/rosidl_cmake_export_typesupport_targets-extras.cmake
[0.558s] -- Up-to-date: /home/gunwon/object_detection_ws/install/my_interfaces/share/my_interfaces/cmake/rosidl_cmake_export_typesupport_libraries-extras.cmake
[0.558s] -- Up-to-date: /home/gunwon/object_detection_ws/install/my_interfaces/share/my_interfaces/cmake/my_interfacesConfig.cmake
[0.558s] -- Up-to-date: /home/gunwon/object_detection_ws/install/my_interfaces/share/my_interfaces/cmake/my_interfacesConfig-version.cmake
[0.558s] -- Up-to-date: /home/gunwon/object_detection_ws/install/my_interfaces/share/my_interfaces/package.xml
[0.562s] Invoked command in '/home/gunwon/object_detection_ws/build/my_interfaces' returned '0': CMAKE_PREFIX_PATH=/opt/ros/humble /usr/bin/cmake --install /home/gunwon/object_detection_ws/build/my_interfaces
