[0.012s] Invoking command in '/home/gunwon/object_detection_ws/build/my_interfaces': CMAKE_PREFIX_PATH=${CMAKE_PREFIX_PATH}:/home/gunwon/object_detection_ws/install/yolo_detection:/opt/ros/humble /usr/bin/cmake --build /home/gunwon/object_detection_ws/build/my_interfaces -- -j12 -l12
[0.099s] [  9%] Built target my_interfaces__rosidl_generator_c
[0.105s] [ 12%] Built target my_interfaces__cpp
[0.112s] [ 12%] Built target ament_cmake_python_copy_my_interfaces
[0.132s] [ 22%] Built target my_interfaces__rosidl_typesupport_c
[0.135s] [ 41%] Built target my_interfaces__rosidl_typesupport_introspection_c
[0.135s] [ 41%] Built target my_interfaces__rosidl_typesupport_fastrtps_c
[0.141s] [ 51%] Built target my_interfaces__rosidl_typesupport_cpp
[0.142s] [ 61%] Built target my_interfaces__rosidl_typesupport_introspection_cpp
[0.147s] [ 70%] Built target my_interfaces__rosidl_typesupport_fastrtps_cpp
[0.174s] [ 70%] Built target my_interfaces
[0.203s] [ 74%] Built target my_interfaces__py
[0.235s] [ 80%] Built target my_interfaces__rosidl_generator_py
[0.265s] [ 93%] Built target my_interfaces__rosidl_typesupport_c__pyext
[0.265s] [ 93%] Built target my_interfaces__rosidl_typesupport_introspection_c__pyext
[0.267s] [100%] Built target my_interfaces__rosidl_typesupport_fastrtps_c__pyext
[0.407s] running egg_info
[0.408s] writing my_interfaces.egg-info/PKG-INFO
[0.408s] writing dependency_links to my_interfaces.egg-info/dependency_links.txt
[0.408s] writing top-level names to my_interfaces.egg-info/top_level.txt
[0.410s] reading manifest file 'my_interfaces.egg-info/SOURCES.txt'
[0.411s] writing manifest file 'my_interfaces.egg-info/SOURCES.txt'
[0.449s] [100%] Built target ament_cmake_python_build_my_interfaces_egg
[0.475s] Invoked command in '/home/gunwon/object_detection_ws/build/my_interfaces' returned '0': CMAKE_PREFIX_PATH=${CMAKE_PREFIX_PATH}:/home/gunwon/object_detection_ws/install/yolo_detection:/opt/ros/humble /usr/bin/cmake --build /home/gunwon/object_detection_ws/build/my_interfaces -- -j12 -l12
[0.488s] Invoking command in '/home/gunwon/object_detection_ws/build/my_interfaces': CMAKE_PREFIX_PATH=${CMAKE_PREFIX_PATH}:/home/gunwon/object_detection_ws/install/yolo_detection:/opt/ros/humble /usr/bin/cmake --install /home/gunwon/object_detection_ws/build/my_interfaces
[0.498s] -- Install configuration: ""
[0.498s] -- Up-to-date: /home/gunwon/object_detection_ws/install/my_interfaces/share/ament_index/resource_index/rosidl_interfaces/my_interfaces
[0.498s] -- Up-to-date: /home/gunwon/object_detection_ws/install/my_interfaces/include/my_interfaces/my_interfaces
[0.498s] -- Up-to-date: /home/gunwon/object_detection_ws/install/my_interfaces/include/my_interfaces/my_interfaces/msg
[0.499s] -- Up-to-date: /home/gunwon/object_detection_ws/install/my_interfaces/include/my_interfaces/my_interfaces/msg/detail
[0.499s] -- Up-to-date: /home/gunwon/object_detection_ws/install/my_interfaces/include/my_interfaces/my_interfaces/msg/detail/object_data__struct.h
[0.499s] -- Up-to-date: /home/gunwon/object_detection_ws/install/my_interfaces/include/my_interfaces/my_interfaces/msg/detail/object_data__functions.h
[0.499s] -- Up-to-date: /home/gunwon/object_detection_ws/install/my_interfaces/include/my_interfaces/my_interfaces/msg/detail/object_data__type_support.h
[0.499s] -- Up-to-date: /home/gunwon/object_detection_ws/install/my_interfaces/include/my_interfaces/my_interfaces/msg/detail/object_data__functions.c
[0.499s] -- Up-to-date: /home/gunwon/object_detection_ws/install/my_interfaces/include/my_interfaces/my_interfaces/msg/object_data.h
[0.499s] -- Up-to-date: /home/gunwon/object_detection_ws/install/my_interfaces/include/my_interfaces/my_interfaces/msg/rosidl_generator_c__visibility_control.h
[0.499s] -- Up-to-date: /home/gunwon/object_detection_ws/install/my_interfaces/share/my_interfaces/environment/library_path.sh
[0.499s] -- Up-to-date: /home/gunwon/object_detection_ws/install/my_interfaces/share/my_interfaces/environment/library_path.dsv
[0.500s] -- Up-to-date: /home/gunwon/object_detection_ws/install/my_interfaces/lib/libmy_interfaces__rosidl_generator_c.so
[0.500s] -- Up-to-date: /home/gunwon/object_detection_ws/install/my_interfaces/include/my_interfaces/my_interfaces
[0.500s] -- Up-to-date: /home/gunwon/object_detection_ws/install/my_interfaces/include/my_interfaces/my_interfaces/msg
[0.500s] -- Up-to-date: /home/gunwon/object_detection_ws/install/my_interfaces/include/my_interfaces/my_interfaces/msg/rosidl_typesupport_fastrtps_c__visibility_control.h
[0.500s] -- Up-to-date: /home/gunwon/object_detection_ws/install/my_interfaces/include/my_interfaces/my_interfaces/msg/detail
[0.500s] -- Up-to-date: /home/gunwon/object_detection_ws/install/my_interfaces/include/my_interfaces/my_interfaces/msg/detail/object_data__rosidl_typesupport_fastrtps_c.h
[0.501s] -- Up-to-date: /home/gunwon/object_detection_ws/install/my_interfaces/lib/libmy_interfaces__rosidl_typesupport_fastrtps_c.so
[0.501s] -- Up-to-date: /home/gunwon/object_detection_ws/install/my_interfaces/include/my_interfaces/my_interfaces
[0.501s] -- Up-to-date: /home/gunwon/object_detection_ws/install/my_interfaces/include/my_interfaces/my_interfaces/msg
[0.501s] -- Up-to-date: /home/gunwon/object_detection_ws/install/my_interfaces/include/my_interfaces/my_interfaces/msg/rosidl_generator_cpp__visibility_control.hpp
[0.501s] -- Up-to-date: /home/gunwon/object_detection_ws/install/my_interfaces/include/my_interfaces/my_interfaces/msg/object_data.hpp
[0.501s] -- Up-to-date: /home/gunwon/object_detection_ws/install/my_interfaces/include/my_interfaces/my_interfaces/msg/detail
[0.502s] -- Up-to-date: /home/gunwon/object_detection_ws/install/my_interfaces/include/my_interfaces/my_interfaces/msg/detail/object_data__builder.hpp
[0.502s] -- Up-to-date: /home/gunwon/object_detection_ws/install/my_interfaces/include/my_interfaces/my_interfaces/msg/detail/object_data__traits.hpp
[0.502s] -- Up-to-date: /home/gunwon/object_detection_ws/install/my_interfaces/include/my_interfaces/my_interfaces/msg/detail/object_data__struct.hpp
[0.502s] -- Up-to-date: /home/gunwon/object_detection_ws/install/my_interfaces/include/my_interfaces/my_interfaces/msg/detail/object_data__type_support.hpp
[0.502s] -- Up-to-date: /home/gunwon/object_detection_ws/install/my_interfaces/include/my_interfaces/my_interfaces
[0.502s] -- Up-to-date: /home/gunwon/object_detection_ws/install/my_interfaces/include/my_interfaces/my_interfaces/msg
[0.502s] -- Up-to-date: /home/gunwon/object_detection_ws/install/my_interfaces/include/my_interfaces/my_interfaces/msg/detail
[0.502s] -- Up-to-date: /home/gunwon/object_detection_ws/install/my_interfaces/include/my_interfaces/my_interfaces/msg/detail/object_data__rosidl_typesupport_fastrtps_cpp.hpp
[0.502s] -- Up-to-date: /home/gunwon/object_detection_ws/install/my_interfaces/include/my_interfaces/my_interfaces/msg/detail/dds_fastrtps
[0.502s] -- Up-to-date: /home/gunwon/object_detection_ws/install/my_interfaces/include/my_interfaces/my_interfaces/msg/rosidl_typesupport_fastrtps_cpp__visibility_control.h
[0.502s] -- Up-to-date: /home/gunwon/object_detection_ws/install/my_interfaces/lib/libmy_interfaces__rosidl_typesupport_fastrtps_cpp.so
[0.502s] -- Up-to-date: /home/gunwon/object_detection_ws/install/my_interfaces/include/my_interfaces/my_interfaces
[0.502s] -- Up-to-date: /home/gunwon/object_detection_ws/install/my_interfaces/include/my_interfaces/my_interfaces/msg
[0.503s] -- Up-to-date: /home/gunwon/object_detection_ws/install/my_interfaces/include/my_interfaces/my_interfaces/msg/rosidl_typesupport_introspection_c__visibility_control.h
[0.503s] -- Up-to-date: /home/gunwon/object_detection_ws/install/my_interfaces/include/my_interfaces/my_interfaces/msg/detail
[0.503s] -- Up-to-date: /home/gunwon/object_detection_ws/install/my_interfaces/include/my_interfaces/my_interfaces/msg/detail/object_data__type_support.c
[0.503s] -- Up-to-date: /home/gunwon/object_detection_ws/install/my_interfaces/include/my_interfaces/my_interfaces/msg/detail/object_data__rosidl_typesupport_introspection_c.h
[0.503s] -- Up-to-date: /home/gunwon/object_detection_ws/install/my_interfaces/lib/libmy_interfaces__rosidl_typesupport_introspection_c.so
[0.503s] -- Up-to-date: /home/gunwon/object_detection_ws/install/my_interfaces/lib/libmy_interfaces__rosidl_typesupport_c.so
[0.503s] -- Up-to-date: /home/gunwon/object_detection_ws/install/my_interfaces/include/my_interfaces/my_interfaces
[0.503s] -- Up-to-date: /home/gunwon/object_detection_ws/install/my_interfaces/include/my_interfaces/my_interfaces/msg
[0.504s] -- Up-to-date: /home/gunwon/object_detection_ws/install/my_interfaces/include/my_interfaces/my_interfaces/msg/detail
[0.504s] -- Up-to-date: /home/gunwon/object_detection_ws/install/my_interfaces/include/my_interfaces/my_interfaces/msg/detail/object_data__type_support.cpp
[0.504s] -- Up-to-date: /home/gunwon/object_detection_ws/install/my_interfaces/include/my_interfaces/my_interfaces/msg/detail/object_data__rosidl_typesupport_introspection_cpp.hpp
[0.504s] -- Up-to-date: /home/gunwon/object_detection_ws/install/my_interfaces/lib/libmy_interfaces__rosidl_typesupport_introspection_cpp.so
[0.504s] -- Up-to-date: /home/gunwon/object_detection_ws/install/my_interfaces/lib/libmy_interfaces__rosidl_typesupport_cpp.so
[0.505s] -- Up-to-date: /home/gunwon/object_detection_ws/install/my_interfaces/share/my_interfaces/environment/pythonpath.sh
[0.505s] -- Up-to-date: /home/gunwon/object_detection_ws/install/my_interfaces/share/my_interfaces/environment/pythonpath.dsv
[0.505s] -- Up-to-date: /home/gunwon/object_detection_ws/install/my_interfaces/local/lib/python3.10/dist-packages/my_interfaces-0.0.0-py3.10.egg-info
[0.505s] -- Installing: /home/gunwon/object_detection_ws/install/my_interfaces/local/lib/python3.10/dist-packages/my_interfaces-0.0.0-py3.10.egg-info/top_level.txt
[0.505s] -- Installing: /home/gunwon/object_detection_ws/install/my_interfaces/local/lib/python3.10/dist-packages/my_interfaces-0.0.0-py3.10.egg-info/dependency_links.txt
[0.505s] -- Installing: /home/gunwon/object_detection_ws/install/my_interfaces/local/lib/python3.10/dist-packages/my_interfaces-0.0.0-py3.10.egg-info/SOURCES.txt
[0.505s] -- Installing: /home/gunwon/object_detection_ws/install/my_interfaces/local/lib/python3.10/dist-packages/my_interfaces-0.0.0-py3.10.egg-info/PKG-INFO
[0.505s] -- Up-to-date: /home/gunwon/object_detection_ws/install/my_interfaces/local/lib/python3.10/dist-packages/my_interfaces
[0.506s] -- Up-to-date: /home/gunwon/object_detection_ws/install/my_interfaces/local/lib/python3.10/dist-packages/my_interfaces/libmy_interfaces__rosidl_generator_py.so
[0.506s] -- Up-to-date: /home/gunwon/object_detection_ws/install/my_interfaces/local/lib/python3.10/dist-packages/my_interfaces/_my_interfaces_s.ep.rosidl_typesupport_fastrtps_c.c
[0.506s] -- Up-to-date: /home/gunwon/object_detection_ws/install/my_interfaces/local/lib/python3.10/dist-packages/my_interfaces/__init__.py
[0.506s] -- Up-to-date: /home/gunwon/object_detection_ws/install/my_interfaces/local/lib/python3.10/dist-packages/my_interfaces/my_interfaces_s__rosidl_typesupport_fastrtps_c.cpython-310-x86_64-linux-gnu.so
[0.506s] -- Up-to-date: /home/gunwon/object_detection_ws/install/my_interfaces/local/lib/python3.10/dist-packages/my_interfaces/my_interfaces_s__rosidl_typesupport_c.cpython-310-x86_64-linux-gnu.so
[0.506s] -- Up-to-date: /home/gunwon/object_detection_ws/install/my_interfaces/local/lib/python3.10/dist-packages/my_interfaces/_my_interfaces_s.ep.rosidl_typesupport_c.c
[0.506s] -- Up-to-date: /home/gunwon/object_detection_ws/install/my_interfaces/local/lib/python3.10/dist-packages/my_interfaces/msg
[0.506s] -- Up-to-date: /home/gunwon/object_detection_ws/install/my_interfaces/local/lib/python3.10/dist-packages/my_interfaces/msg/_object_data_s.c
[0.506s] -- Up-to-date: /home/gunwon/object_detection_ws/install/my_interfaces/local/lib/python3.10/dist-packages/my_interfaces/msg/__init__.py
[0.506s] -- Up-to-date: /home/gunwon/object_detection_ws/install/my_interfaces/local/lib/python3.10/dist-packages/my_interfaces/msg/_object_data.py
[0.506s] -- Up-to-date: /home/gunwon/object_detection_ws/install/my_interfaces/local/lib/python3.10/dist-packages/my_interfaces/_my_interfaces_s.ep.rosidl_typesupport_introspection_c.c
[0.506s] -- Up-to-date: /home/gunwon/object_detection_ws/install/my_interfaces/local/lib/python3.10/dist-packages/my_interfaces/my_interfaces_s__rosidl_typesupport_introspection_c.cpython-310-x86_64-linux-gnu.so
[0.548s] Listing '/home/gunwon/object_detection_ws/install/my_interfaces/local/lib/python3.10/dist-packages/my_interfaces'...
[0.548s] Listing '/home/gunwon/object_detection_ws/install/my_interfaces/local/lib/python3.10/dist-packages/my_interfaces/msg'...
[0.555s] -- Up-to-date: /home/gunwon/object_detection_ws/install/my_interfaces/local/lib/python3.10/dist-packages/my_interfaces/my_interfaces_s__rosidl_typesupport_fastrtps_c.cpython-310-x86_64-linux-gnu.so
[0.556s] -- Up-to-date: /home/gunwon/object_detection_ws/install/my_interfaces/local/lib/python3.10/dist-packages/my_interfaces/my_interfaces_s__rosidl_typesupport_introspection_c.cpython-310-x86_64-linux-gnu.so
[0.556s] -- Up-to-date: /home/gunwon/object_detection_ws/install/my_interfaces/local/lib/python3.10/dist-packages/my_interfaces/my_interfaces_s__rosidl_typesupport_c.cpython-310-x86_64-linux-gnu.so
[0.557s] -- Up-to-date: /home/gunwon/object_detection_ws/install/my_interfaces/lib/libmy_interfaces__rosidl_generator_py.so
[0.557s] -- Up-to-date: /home/gunwon/object_detection_ws/install/my_interfaces/share/my_interfaces/msg/ObjectData.idl
[0.557s] -- Up-to-date: /home/gunwon/object_detection_ws/install/my_interfaces/share/my_interfaces/msg/ObjectData.msg
[0.558s] -- Up-to-date: /home/gunwon/object_detection_ws/install/my_interfaces/share/ament_index/resource_index/package_run_dependencies/my_interfaces
[0.558s] -- Up-to-date: /home/gunwon/object_detection_ws/install/my_interfaces/share/ament_index/resource_index/parent_prefix_path/my_interfaces
[0.558s] -- Up-to-date: /home/gunwon/object_detection_ws/install/my_interfaces/share/my_interfaces/environment/ament_prefix_path.sh
[0.558s] -- Up-to-date: /home/gunwon/object_detection_ws/install/my_interfaces/share/my_interfaces/environment/ament_prefix_path.dsv
[0.559s] -- Up-to-date: /home/gunwon/object_detection_ws/install/my_interfaces/share/my_interfaces/environment/path.sh
[0.559s] -- Up-to-date: /home/gunwon/object_detection_ws/install/my_interfaces/share/my_interfaces/environment/path.dsv
[0.559s] -- Up-to-date: /home/gunwon/object_detection_ws/install/my_interfaces/share/my_interfaces/local_setup.bash
[0.559s] -- Up-to-date: /home/gunwon/object_detection_ws/install/my_interfaces/share/my_interfaces/local_setup.sh
[0.559s] -- Up-to-date: /home/gunwon/object_detection_ws/install/my_interfaces/share/my_interfaces/local_setup.zsh
[0.559s] -- Up-to-date: /home/gunwon/object_detection_ws/install/my_interfaces/share/my_interfaces/local_setup.dsv
[0.560s] -- Installing: /home/gunwon/object_detection_ws/install/my_interfaces/share/my_interfaces/package.dsv
[0.560s] -- Up-to-date: /home/gunwon/object_detection_ws/install/my_interfaces/share/ament_index/resource_index/packages/my_interfaces
[0.560s] -- Up-to-date: /home/gunwon/object_detection_ws/install/my_interfaces/share/my_interfaces/cmake/export_my_interfaces__rosidl_generator_cExport.cmake
[0.560s] -- Up-to-date: /home/gunwon/object_detection_ws/install/my_interfaces/share/my_interfaces/cmake/export_my_interfaces__rosidl_generator_cExport-noconfig.cmake
[0.561s] -- Up-to-date: /home/gunwon/object_detection_ws/install/my_interfaces/share/my_interfaces/cmake/export_my_interfaces__rosidl_typesupport_fastrtps_cExport.cmake
[0.561s] -- Up-to-date: /home/gunwon/object_detection_ws/install/my_interfaces/share/my_interfaces/cmake/export_my_interfaces__rosidl_typesupport_fastrtps_cExport-noconfig.cmake
[0.561s] -- Up-to-date: /home/gunwon/object_detection_ws/install/my_interfaces/share/my_interfaces/cmake/export_my_interfaces__rosidl_generator_cppExport.cmake
[0.561s] -- Up-to-date: /home/gunwon/object_detection_ws/install/my_interfaces/share/my_interfaces/cmake/export_my_interfaces__rosidl_typesupport_fastrtps_cppExport.cmake
[0.562s] -- Up-to-date: /home/gunwon/object_detection_ws/install/my_interfaces/share/my_interfaces/cmake/export_my_interfaces__rosidl_typesupport_fastrtps_cppExport-noconfig.cmake
[0.562s] -- Up-to-date: /home/gunwon/object_detection_ws/install/my_interfaces/share/my_interfaces/cmake/my_interfaces__rosidl_typesupport_introspection_cExport.cmake
[0.562s] -- Up-to-date: /home/gunwon/object_detection_ws/install/my_interfaces/share/my_interfaces/cmake/my_interfaces__rosidl_typesupport_introspection_cExport-noconfig.cmake
[0.562s] -- Up-to-date: /home/gunwon/object_detection_ws/install/my_interfaces/share/my_interfaces/cmake/my_interfaces__rosidl_typesupport_cExport.cmake
[0.562s] -- Up-to-date: /home/gunwon/object_detection_ws/install/my_interfaces/share/my_interfaces/cmake/my_interfaces__rosidl_typesupport_cExport-noconfig.cmake
[0.563s] -- Up-to-date: /home/gunwon/object_detection_ws/install/my_interfaces/share/my_interfaces/cmake/my_interfaces__rosidl_typesupport_introspection_cppExport.cmake
[0.563s] -- Up-to-date: /home/gunwon/object_detection_ws/install/my_interfaces/share/my_interfaces/cmake/my_interfaces__rosidl_typesupport_introspection_cppExport-noconfig.cmake
[0.563s] -- Up-to-date: /home/gunwon/object_detection_ws/install/my_interfaces/share/my_interfaces/cmake/my_interfaces__rosidl_typesupport_cppExport.cmake
[0.563s] -- Up-to-date: /home/gunwon/object_detection_ws/install/my_interfaces/share/my_interfaces/cmake/my_interfaces__rosidl_typesupport_cppExport-noconfig.cmake
[0.563s] -- Up-to-date: /home/gunwon/object_detection_ws/install/my_interfaces/share/my_interfaces/cmake/export_my_interfaces__rosidl_generator_pyExport.cmake
[0.564s] -- Up-to-date: /home/gunwon/object_detection_ws/install/my_interfaces/share/my_interfaces/cmake/export_my_interfaces__rosidl_generator_pyExport-noconfig.cmake
[0.564s] -- Up-to-date: /home/gunwon/object_detection_ws/install/my_interfaces/share/my_interfaces/cmake/rosidl_cmake-extras.cmake
[0.564s] -- Up-to-date: /home/gunwon/object_detection_ws/install/my_interfaces/share/my_interfaces/cmake/ament_cmake_export_dependencies-extras.cmake
[0.564s] -- Up-to-date: /home/gunwon/object_detection_ws/install/my_interfaces/share/my_interfaces/cmake/ament_cmake_export_include_directories-extras.cmake
[0.564s] -- Up-to-date: /home/gunwon/object_detection_ws/install/my_interfaces/share/my_interfaces/cmake/ament_cmake_export_libraries-extras.cmake
[0.564s] -- Up-to-date: /home/gunwon/object_detection_ws/install/my_interfaces/share/my_interfaces/cmake/ament_cmake_export_targets-extras.cmake
[0.565s] -- Up-to-date: /home/gunwon/object_detection_ws/install/my_interfaces/share/my_interfaces/cmake/rosidl_cmake_export_typesupport_targets-extras.cmake
[0.565s] -- Up-to-date: /home/gunwon/object_detection_ws/install/my_interfaces/share/my_interfaces/cmake/rosidl_cmake_export_typesupport_libraries-extras.cmake
[0.565s] -- Up-to-date: /home/gunwon/object_detection_ws/install/my_interfaces/share/my_interfaces/cmake/my_interfacesConfig.cmake
[0.565s] -- Up-to-date: /home/gunwon/object_detection_ws/install/my_interfaces/share/my_interfaces/cmake/my_interfacesConfig-version.cmake
[0.566s] -- Up-to-date: /home/gunwon/object_detection_ws/install/my_interfaces/share/my_interfaces/package.xml
[0.567s] Invoked command in '/home/gunwon/object_detection_ws/build/my_interfaces' returned '0': CMAKE_PREFIX_PATH=${CMAKE_PREFIX_PATH}:/home/gunwon/object_detection_ws/install/yolo_detection:/opt/ros/humble /usr/bin/cmake --install /home/gunwon/object_detection_ws/build/my_interfaces
