[0.016s] Invoking command in '/home/gunwon/object_detection_ws/build/my_interfaces': CMAKE_PREFIX_PATH=/home/gunwon/object_detection_ws/install/yolo_detection:/opt/ros/humble /usr/bin/cmake --build /home/gunwon/object_detection_ws/build/my_interfaces -- -j12 -l12
[0.059s] -- Found ament_cmake: 1.3.11 (/opt/ros/humble/share/ament_cmake/cmake)
[0.198s] -- Found builtin_interfaces: 1.2.1 (/opt/ros/humble/share/builtin_interfaces/cmake)
[0.225s] -- Found rosidl_generator_c: 3.1.6 (/opt/ros/humble/share/rosidl_generator_c/cmake)
[0.227s] -- Found rosidl_adapter: 3.1.6 (/opt/ros/humble/share/rosidl_adapter/cmake)
[0.233s] -- Found rosidl_generator_cpp: 3.1.6 (/opt/ros/humble/share/rosidl_generator_cpp/cmake)
[0.241s] -- Using all available rosidl_typesupport_c: rosidl_typesupport_fastrtps_c;rosidl_typesupport_introspection_c
[0.252s] -- Using all available rosidl_typesupport_cpp: rosidl_typesupport_fastrtps_cpp;rosidl_typesupport_introspection_cpp
[0.262s] -- Found rosidl_default_generators: 1.2.0 (/opt/ros/humble/share/rosidl_default_generators/cmake)
[0.268s] -- Found std_msgs: 4.2.4 (/opt/ros/humble/share/std_msgs/cmake)
[0.278s] -- Found sensor_msgs: 4.2.4 (/opt/ros/humble/share/sensor_msgs/cmake)
[0.638s] -- Found ament_cmake_ros: 0.10.0 (/opt/ros/humble/share/ament_cmake_ros/cmake)
[1.181s] -- Using all available rosidl_typesupport_c: rosidl_typesupport_fastrtps_c;rosidl_typesupport_introspection_c
[1.421s] -- Using all available rosidl_typesupport_cpp: rosidl_typesupport_fastrtps_cpp;rosidl_typesupport_introspection_cpp
[1.455s] -- Found python_cmake_module: 0.10.0 (/opt/ros/humble/share/python_cmake_module/cmake)
[1.492s] -- Using PYTHON_EXECUTABLE: /usr/bin/python3
[1.493s] -- Using PYTHON_INCLUDE_DIRS: /usr/include/python3.10
[1.493s] -- Using PYTHON_LIBRARIES: /usr/lib/x86_64-linux-gnu/libpython3.10.so
[1.561s] -- Found ament_lint_auto: 0.12.11 (/opt/ros/humble/share/ament_lint_auto/cmake)
[1.569s] -- Added test 'lint_cmake' to check CMake code style
[1.570s] -- Added test 'xmllint' to check XML markup files
[1.572s] -- Configuring done
[1.612s] -- Generating done
[1.626s] -- Build files have been written to: /home/gunwon/object_detection_ws/build/my_interfaces
[1.673s] [  3%] [32mBuilding C object CMakeFiles/my_interfaces__rosidl_generator_c.dir/rosidl_generator_c/my_interfaces/msg/detail/object_data__functions.c.o[0m
[1.677s] [  6%] Built target my_interfaces__cpp
[1.695s] [  6%] Built target ament_cmake_python_copy_my_interfaces
[1.703s] [  9%] [32mBuilding CXX object CMakeFiles/my_interfaces__rosidl_typesupport_fastrtps_cpp.dir/rosidl_typesupport_fastrtps_cpp/my_interfaces/msg/detail/dds_fastrtps/object_data__type_support.cpp.o[0m
[1.703s] [ 16%] [32mBuilding CXX object CMakeFiles/my_interfaces__rosidl_typesupport_introspection_cpp.dir/rosidl_typesupport_introspection_cpp/my_interfaces/msg/detail/object_data__type_support.cpp.o[0m
[1.703s] [ 16%] [32mBuilding CXX object CMakeFiles/my_interfaces__rosidl_typesupport_cpp.dir/rosidl_typesupport_cpp/my_interfaces/msg/object_data__type_support.cpp.o[0m
[1.744s] [ 19%] [32m[1mLinking C shared library libmy_interfaces__rosidl_generator_c.so[0m
[1.794s] [ 22%] Built target my_interfaces__rosidl_generator_c
[1.814s] [ 29%] [34m[1mGenerating C type support for eProsima Fast-RTPS[0m
[1.814s] [ 29%] [34m[1mGenerating C introspection for ROS interfaces[0m
[1.814s] [ 32%] [34m[1mGenerating C type support dispatch for ROS interfaces[0m
[2.037s] running egg_info
[2.038s] writing my_interfaces.egg-info/PKG-INFO
[2.039s] writing dependency_links to my_interfaces.egg-info/dependency_links.txt
[2.039s] writing top-level names to my_interfaces.egg-info/top_level.txt
[2.042s] reading manifest file 'my_interfaces.egg-info/SOURCES.txt'
[2.043s] writing manifest file 'my_interfaces.egg-info/SOURCES.txt'
[2.055s] [ 35%] [32m[1mLinking CXX shared library libmy_interfaces__rosidl_typesupport_cpp.so[0m
[2.112s] [ 35%] Built target ament_cmake_python_build_my_interfaces_egg
[2.117s] [ 38%] [32mBuilding CXX object CMakeFiles/my_interfaces__rosidl_typesupport_c.dir/rosidl_typesupport_c/my_interfaces/msg/object_data__type_support.cpp.o[0m
[2.123s] [ 41%] Built target my_interfaces__rosidl_typesupport_cpp
[2.144s] [ 45%] [32mBuilding C object CMakeFiles/my_interfaces__rosidl_typesupport_introspection_c.dir/rosidl_typesupport_introspection_c/my_interfaces/msg/detail/object_data__type_support.c.o[0m
[2.155s] [ 48%] [32m[1mLinking CXX shared library libmy_interfaces__rosidl_typesupport_c.so[0m
[2.158s] [ 51%] [32m[1mLinking CXX shared library libmy_interfaces__rosidl_typesupport_fastrtps_cpp.so[0m
[2.174s] [ 54%] [32m[1mLinking CXX shared library libmy_interfaces__rosidl_typesupport_introspection_cpp.so[0m
[2.189s] [ 58%] [32mBuilding CXX object CMakeFiles/my_interfaces__rosidl_typesupport_fastrtps_c.dir/rosidl_typesupport_fastrtps_c/my_interfaces/msg/detail/object_data__type_support_c.cpp.o[0m
[2.190s] [ 61%] [32m[1mLinking C shared library libmy_interfaces__rosidl_typesupport_introspection_c.so[0m
[2.214s] [ 61%] Built target my_interfaces__rosidl_typesupport_c
[2.237s] [ 61%] Built target my_interfaces__rosidl_typesupport_introspection_c
[2.277s] [ 64%] Built target my_interfaces__rosidl_typesupport_introspection_cpp
[2.279s] [ 67%] Built target my_interfaces__rosidl_typesupport_fastrtps_cpp
[2.498s] [ 70%] [32m[1mLinking CXX shared library libmy_interfaces__rosidl_typesupport_fastrtps_c.so[0m
[2.625s] [ 70%] Built target my_interfaces__rosidl_typesupport_fastrtps_c
[2.666s] [ 70%] Built target my_interfaces
[2.696s] [ 74%] [34m[1mGenerating Python code for ROS interfaces[0m
[3.003s] [ 74%] Built target my_interfaces__py
[3.031s] [ 77%] [32mBuilding C object CMakeFiles/my_interfaces__rosidl_generator_py.dir/rosidl_generator_py/my_interfaces/msg/_object_data_s.c.o[0m
[3.173s] [ 80%] [32m[1mLinking C shared library rosidl_generator_py/my_interfaces/libmy_interfaces__rosidl_generator_py.so[0m
[3.241s] [ 80%] Built target my_interfaces__rosidl_generator_py
[3.267s] [ 83%] [32mBuilding C object CMakeFiles/my_interfaces__rosidl_typesupport_fastrtps_c__pyext.dir/rosidl_generator_py/my_interfaces/_my_interfaces_s.ep.rosidl_typesupport_fastrtps_c.c.o[0m
[3.271s] [ 90%] [32mBuilding C object CMakeFiles/my_interfaces__rosidl_typesupport_introspection_c__pyext.dir/rosidl_generator_py/my_interfaces/_my_interfaces_s.ep.rosidl_typesupport_introspection_c.c.o[0m
[3.271s] [ 90%] [32mBuilding C object CMakeFiles/my_interfaces__rosidl_typesupport_c__pyext.dir/rosidl_generator_py/my_interfaces/_my_interfaces_s.ep.rosidl_typesupport_c.c.o[0m
[3.383s] [ 96%] [32m[1mLinking C shared library rosidl_generator_py/my_interfaces/my_interfaces_s__rosidl_typesupport_fastrtps_c.cpython-310-x86_64-linux-gnu.so[0m
[3.383s] [ 96%] [32m[1mLinking C shared library rosidl_generator_py/my_interfaces/my_interfaces_s__rosidl_typesupport_c.cpython-310-x86_64-linux-gnu.so[0m
[3.402s] [100%] [32m[1mLinking C shared library rosidl_generator_py/my_interfaces/my_interfaces_s__rosidl_typesupport_introspection_c.cpython-310-x86_64-linux-gnu.so[0m
[3.435s] [100%] Built target my_interfaces__rosidl_typesupport_fastrtps_c__pyext
[3.440s] [100%] Built target my_interfaces__rosidl_typesupport_c__pyext
[3.456s] [100%] Built target my_interfaces__rosidl_typesupport_introspection_c__pyext
[3.471s] Invoked command in '/home/gunwon/object_detection_ws/build/my_interfaces' returned '0': CMAKE_PREFIX_PATH=/home/gunwon/object_detection_ws/install/yolo_detection:/opt/ros/humble /usr/bin/cmake --build /home/gunwon/object_detection_ws/build/my_interfaces -- -j12 -l12
[3.484s] Invoking command in '/home/gunwon/object_detection_ws/build/my_interfaces': CMAKE_PREFIX_PATH=/home/gunwon/object_detection_ws/install/yolo_detection:/opt/ros/humble /usr/bin/cmake --install /home/gunwon/object_detection_ws/build/my_interfaces
[3.492s] -- Install configuration: ""
[3.493s] -- Installing: /home/gunwon/object_detection_ws/install/my_interfaces/share/ament_index/resource_index/rosidl_interfaces/my_interfaces
[3.493s] -- Installing: /home/gunwon/object_detection_ws/install/my_interfaces/include/my_interfaces/my_interfaces
[3.493s] -- Installing: /home/gunwon/object_detection_ws/install/my_interfaces/include/my_interfaces/my_interfaces/msg
[3.493s] -- Installing: /home/gunwon/object_detection_ws/install/my_interfaces/include/my_interfaces/my_interfaces/msg/detail
[3.493s] -- Installing: /home/gunwon/object_detection_ws/install/my_interfaces/include/my_interfaces/my_interfaces/msg/detail/object_data__struct.h
[3.493s] -- Installing: /home/gunwon/object_detection_ws/install/my_interfaces/include/my_interfaces/my_interfaces/msg/detail/object_data__functions.h
[3.493s] -- Installing: /home/gunwon/object_detection_ws/install/my_interfaces/include/my_interfaces/my_interfaces/msg/detail/object_data__type_support.h
[3.494s] -- Installing: /home/gunwon/object_detection_ws/install/my_interfaces/include/my_interfaces/my_interfaces/msg/detail/object_data__functions.c
[3.494s] -- Installing: /home/gunwon/object_detection_ws/install/my_interfaces/include/my_interfaces/my_interfaces/msg/object_data.h
[3.494s] -- Installing: /home/gunwon/object_detection_ws/install/my_interfaces/include/my_interfaces/my_interfaces/msg/rosidl_generator_c__visibility_control.h
[3.494s] -- Installing: /home/gunwon/object_detection_ws/install/my_interfaces/share/my_interfaces/environment/library_path.sh
[3.494s] -- Installing: /home/gunwon/object_detection_ws/install/my_interfaces/share/my_interfaces/environment/library_path.dsv
[3.494s] -- Installing: /home/gunwon/object_detection_ws/install/my_interfaces/lib/libmy_interfaces__rosidl_generator_c.so
[3.495s] -- Set runtime path of "/home/gunwon/object_detection_ws/install/my_interfaces/lib/libmy_interfaces__rosidl_generator_c.so" to ""
[3.495s] -- Up-to-date: /home/gunwon/object_detection_ws/install/my_interfaces/include/my_interfaces/my_interfaces
[3.495s] -- Up-to-date: /home/gunwon/object_detection_ws/install/my_interfaces/include/my_interfaces/my_interfaces/msg
[3.495s] -- Installing: /home/gunwon/object_detection_ws/install/my_interfaces/include/my_interfaces/my_interfaces/msg/rosidl_typesupport_fastrtps_c__visibility_control.h
[3.495s] -- Up-to-date: /home/gunwon/object_detection_ws/install/my_interfaces/include/my_interfaces/my_interfaces/msg/detail
[3.495s] -- Installing: /home/gunwon/object_detection_ws/install/my_interfaces/include/my_interfaces/my_interfaces/msg/detail/object_data__rosidl_typesupport_fastrtps_c.h
[3.495s] -- Installing: /home/gunwon/object_detection_ws/install/my_interfaces/lib/libmy_interfaces__rosidl_typesupport_fastrtps_c.so
[3.496s] -- Set runtime path of "/home/gunwon/object_detection_ws/install/my_interfaces/lib/libmy_interfaces__rosidl_typesupport_fastrtps_c.so" to ""
[3.496s] -- Up-to-date: /home/gunwon/object_detection_ws/install/my_interfaces/include/my_interfaces/my_interfaces
[3.496s] -- Up-to-date: /home/gunwon/object_detection_ws/install/my_interfaces/include/my_interfaces/my_interfaces/msg
[3.496s] -- Installing: /home/gunwon/object_detection_ws/install/my_interfaces/include/my_interfaces/my_interfaces/msg/rosidl_generator_cpp__visibility_control.hpp
[3.496s] -- Installing: /home/gunwon/object_detection_ws/install/my_interfaces/include/my_interfaces/my_interfaces/msg/object_data.hpp
[3.496s] -- Up-to-date: /home/gunwon/object_detection_ws/install/my_interfaces/include/my_interfaces/my_interfaces/msg/detail
[3.496s] -- Installing: /home/gunwon/object_detection_ws/install/my_interfaces/include/my_interfaces/my_interfaces/msg/detail/object_data__builder.hpp
[3.496s] -- Installing: /home/gunwon/object_detection_ws/install/my_interfaces/include/my_interfaces/my_interfaces/msg/detail/object_data__traits.hpp
[3.496s] -- Installing: /home/gunwon/object_detection_ws/install/my_interfaces/include/my_interfaces/my_interfaces/msg/detail/object_data__struct.hpp
[3.496s] -- Installing: /home/gunwon/object_detection_ws/install/my_interfaces/include/my_interfaces/my_interfaces/msg/detail/object_data__type_support.hpp
[3.497s] -- Up-to-date: /home/gunwon/object_detection_ws/install/my_interfaces/include/my_interfaces/my_interfaces
[3.497s] -- Up-to-date: /home/gunwon/object_detection_ws/install/my_interfaces/include/my_interfaces/my_interfaces/msg
[3.497s] -- Up-to-date: /home/gunwon/object_detection_ws/install/my_interfaces/include/my_interfaces/my_interfaces/msg/detail
[3.497s] -- Installing: /home/gunwon/object_detection_ws/install/my_interfaces/include/my_interfaces/my_interfaces/msg/detail/object_data__rosidl_typesupport_fastrtps_cpp.hpp
[3.497s] -- Installing: /home/gunwon/object_detection_ws/install/my_interfaces/include/my_interfaces/my_interfaces/msg/detail/dds_fastrtps
[3.497s] -- Installing: /home/gunwon/object_detection_ws/install/my_interfaces/include/my_interfaces/my_interfaces/msg/rosidl_typesupport_fastrtps_cpp__visibility_control.h
[3.497s] -- Installing: /home/gunwon/object_detection_ws/install/my_interfaces/lib/libmy_interfaces__rosidl_typesupport_fastrtps_cpp.so
[3.498s] -- Set runtime path of "/home/gunwon/object_detection_ws/install/my_interfaces/lib/libmy_interfaces__rosidl_typesupport_fastrtps_cpp.so" to ""
[3.498s] -- Up-to-date: /home/gunwon/object_detection_ws/install/my_interfaces/include/my_interfaces/my_interfaces
[3.498s] -- Up-to-date: /home/gunwon/object_detection_ws/install/my_interfaces/include/my_interfaces/my_interfaces/msg
[3.498s] -- Installing: /home/gunwon/object_detection_ws/install/my_interfaces/include/my_interfaces/my_interfaces/msg/rosidl_typesupport_introspection_c__visibility_control.h
[3.498s] -- Up-to-date: /home/gunwon/object_detection_ws/install/my_interfaces/include/my_interfaces/my_interfaces/msg/detail
[3.498s] -- Installing: /home/gunwon/object_detection_ws/install/my_interfaces/include/my_interfaces/my_interfaces/msg/detail/object_data__type_support.c
[3.498s] -- Installing: /home/gunwon/object_detection_ws/install/my_interfaces/include/my_interfaces/my_interfaces/msg/detail/object_data__rosidl_typesupport_introspection_c.h
[3.498s] -- Installing: /home/gunwon/object_detection_ws/install/my_interfaces/lib/libmy_interfaces__rosidl_typesupport_introspection_c.so
[3.498s] -- Set runtime path of "/home/gunwon/object_detection_ws/install/my_interfaces/lib/libmy_interfaces__rosidl_typesupport_introspection_c.so" to ""
[3.499s] -- Installing: /home/gunwon/object_detection_ws/install/my_interfaces/lib/libmy_interfaces__rosidl_typesupport_c.so
[3.499s] -- Set runtime path of "/home/gunwon/object_detection_ws/install/my_interfaces/lib/libmy_interfaces__rosidl_typesupport_c.so" to ""
[3.499s] -- Up-to-date: /home/gunwon/object_detection_ws/install/my_interfaces/include/my_interfaces/my_interfaces
[3.499s] -- Up-to-date: /home/gunwon/object_detection_ws/install/my_interfaces/include/my_interfaces/my_interfaces/msg
[3.499s] -- Up-to-date: /home/gunwon/object_detection_ws/install/my_interfaces/include/my_interfaces/my_interfaces/msg/detail
[3.499s] -- Installing: /home/gunwon/object_detection_ws/install/my_interfaces/include/my_interfaces/my_interfaces/msg/detail/object_data__type_support.cpp
[3.499s] -- Installing: /home/gunwon/object_detection_ws/install/my_interfaces/include/my_interfaces/my_interfaces/msg/detail/object_data__rosidl_typesupport_introspection_cpp.hpp
[3.499s] -- Installing: /home/gunwon/object_detection_ws/install/my_interfaces/lib/libmy_interfaces__rosidl_typesupport_introspection_cpp.so
[3.500s] -- Set runtime path of "/home/gunwon/object_detection_ws/install/my_interfaces/lib/libmy_interfaces__rosidl_typesupport_introspection_cpp.so" to ""
[3.500s] -- Installing: /home/gunwon/object_detection_ws/install/my_interfaces/lib/libmy_interfaces__rosidl_typesupport_cpp.so
[3.500s] -- Set runtime path of "/home/gunwon/object_detection_ws/install/my_interfaces/lib/libmy_interfaces__rosidl_typesupport_cpp.so" to ""
[3.500s] -- Installing: /home/gunwon/object_detection_ws/install/my_interfaces/share/my_interfaces/environment/pythonpath.sh
[3.500s] -- Installing: /home/gunwon/object_detection_ws/install/my_interfaces/share/my_interfaces/environment/pythonpath.dsv
[3.500s] -- Installing: /home/gunwon/object_detection_ws/install/my_interfaces/local/lib/python3.10/dist-packages/my_interfaces-0.0.0-py3.10.egg-info
[3.501s] -- Installing: /home/gunwon/object_detection_ws/install/my_interfaces/local/lib/python3.10/dist-packages/my_interfaces-0.0.0-py3.10.egg-info/top_level.txt
[3.501s] -- Installing: /home/gunwon/object_detection_ws/install/my_interfaces/local/lib/python3.10/dist-packages/my_interfaces-0.0.0-py3.10.egg-info/dependency_links.txt
[3.501s] -- Installing: /home/gunwon/object_detection_ws/install/my_interfaces/local/lib/python3.10/dist-packages/my_interfaces-0.0.0-py3.10.egg-info/SOURCES.txt
[3.501s] -- Installing: /home/gunwon/object_detection_ws/install/my_interfaces/local/lib/python3.10/dist-packages/my_interfaces-0.0.0-py3.10.egg-info/PKG-INFO
[3.501s] -- Installing: /home/gunwon/object_detection_ws/install/my_interfaces/local/lib/python3.10/dist-packages/my_interfaces
[3.501s] -- Installing: /home/gunwon/object_detection_ws/install/my_interfaces/local/lib/python3.10/dist-packages/my_interfaces/libmy_interfaces__rosidl_generator_py.so
[3.501s] -- Installing: /home/gunwon/object_detection_ws/install/my_interfaces/local/lib/python3.10/dist-packages/my_interfaces/_my_interfaces_s.ep.rosidl_typesupport_fastrtps_c.c
[3.502s] -- Installing: /home/gunwon/object_detection_ws/install/my_interfaces/local/lib/python3.10/dist-packages/my_interfaces/__init__.py
[3.502s] -- Installing: /home/gunwon/object_detection_ws/install/my_interfaces/local/lib/python3.10/dist-packages/my_interfaces/my_interfaces_s__rosidl_typesupport_fastrtps_c.cpython-310-x86_64-linux-gnu.so
[3.502s] -- Installing: /home/gunwon/object_detection_ws/install/my_interfaces/local/lib/python3.10/dist-packages/my_interfaces/my_interfaces_s__rosidl_typesupport_c.cpython-310-x86_64-linux-gnu.so
[3.502s] -- Installing: /home/gunwon/object_detection_ws/install/my_interfaces/local/lib/python3.10/dist-packages/my_interfaces/_my_interfaces_s.ep.rosidl_typesupport_c.c
[3.502s] -- Installing: /home/gunwon/object_detection_ws/install/my_interfaces/local/lib/python3.10/dist-packages/my_interfaces/msg
[3.502s] -- Installing: /home/gunwon/object_detection_ws/install/my_interfaces/local/lib/python3.10/dist-packages/my_interfaces/msg/_object_data_s.c
[3.502s] -- Installing: /home/gunwon/object_detection_ws/install/my_interfaces/local/lib/python3.10/dist-packages/my_interfaces/msg/__init__.py
[3.503s] -- Installing: /home/gunwon/object_detection_ws/install/my_interfaces/local/lib/python3.10/dist-packages/my_interfaces/msg/_object_data.py
[3.503s] -- Installing: /home/gunwon/object_detection_ws/install/my_interfaces/local/lib/python3.10/dist-packages/my_interfaces/_my_interfaces_s.ep.rosidl_typesupport_introspection_c.c
[3.503s] -- Installing: /home/gunwon/object_detection_ws/install/my_interfaces/local/lib/python3.10/dist-packages/my_interfaces/my_interfaces_s__rosidl_typesupport_introspection_c.cpython-310-x86_64-linux-gnu.so
[3.533s] Listing '/home/gunwon/object_detection_ws/install/my_interfaces/local/lib/python3.10/dist-packages/my_interfaces'...
[3.533s] Compiling '/home/gunwon/object_detection_ws/install/my_interfaces/local/lib/python3.10/dist-packages/my_interfaces/__init__.py'...
[3.533s] Listing '/home/gunwon/object_detection_ws/install/my_interfaces/local/lib/python3.10/dist-packages/my_interfaces/msg'...
[3.533s] Compiling '/home/gunwon/object_detection_ws/install/my_interfaces/local/lib/python3.10/dist-packages/my_interfaces/msg/__init__.py'...
[3.533s] Compiling '/home/gunwon/object_detection_ws/install/my_interfaces/local/lib/python3.10/dist-packages/my_interfaces/msg/_object_data.py'...
[3.538s] -- Installing: /home/gunwon/object_detection_ws/install/my_interfaces/local/lib/python3.10/dist-packages/my_interfaces/my_interfaces_s__rosidl_typesupport_fastrtps_c.cpython-310-x86_64-linux-gnu.so
[3.539s] -- Set runtime path of "/home/gunwon/object_detection_ws/install/my_interfaces/local/lib/python3.10/dist-packages/my_interfaces/my_interfaces_s__rosidl_typesupport_fastrtps_c.cpython-310-x86_64-linux-gnu.so" to ""
[3.539s] -- Installing: /home/gunwon/object_detection_ws/install/my_interfaces/local/lib/python3.10/dist-packages/my_interfaces/my_interfaces_s__rosidl_typesupport_introspection_c.cpython-310-x86_64-linux-gnu.so
[3.540s] -- Set runtime path of "/home/gunwon/object_detection_ws/install/my_interfaces/local/lib/python3.10/dist-packages/my_interfaces/my_interfaces_s__rosidl_typesupport_introspection_c.cpython-310-x86_64-linux-gnu.so" to ""
[3.541s] -- Installing: /home/gunwon/object_detection_ws/install/my_interfaces/local/lib/python3.10/dist-packages/my_interfaces/my_interfaces_s__rosidl_typesupport_c.cpython-310-x86_64-linux-gnu.so
[3.541s] -- Set runtime path of "/home/gunwon/object_detection_ws/install/my_interfaces/local/lib/python3.10/dist-packages/my_interfaces/my_interfaces_s__rosidl_typesupport_c.cpython-310-x86_64-linux-gnu.so" to ""
[3.542s] -- Installing: /home/gunwon/object_detection_ws/install/my_interfaces/lib/libmy_interfaces__rosidl_generator_py.so
[3.542s] -- Set runtime path of "/home/gunwon/object_detection_ws/install/my_interfaces/lib/libmy_interfaces__rosidl_generator_py.so" to ""
[3.543s] -- Installing: /home/gunwon/object_detection_ws/install/my_interfaces/share/my_interfaces/msg/ObjectData.idl
[3.543s] -- Installing: /home/gunwon/object_detection_ws/install/my_interfaces/share/my_interfaces/msg/ObjectData.msg
[3.543s] -- Installing: /home/gunwon/object_detection_ws/install/my_interfaces/share/ament_index/resource_index/package_run_dependencies/my_interfaces
[3.544s] -- Installing: /home/gunwon/object_detection_ws/install/my_interfaces/share/ament_index/resource_index/parent_prefix_path/my_interfaces
[3.544s] -- Installing: /home/gunwon/object_detection_ws/install/my_interfaces/share/my_interfaces/environment/ament_prefix_path.sh
[3.544s] -- Installing: /home/gunwon/object_detection_ws/install/my_interfaces/share/my_interfaces/environment/ament_prefix_path.dsv
[3.545s] -- Installing: /home/gunwon/object_detection_ws/install/my_interfaces/share/my_interfaces/environment/path.sh
[3.545s] -- Installing: /home/gunwon/object_detection_ws/install/my_interfaces/share/my_interfaces/environment/path.dsv
[3.545s] -- Installing: /home/gunwon/object_detection_ws/install/my_interfaces/share/my_interfaces/local_setup.bash
[3.546s] -- Installing: /home/gunwon/object_detection_ws/install/my_interfaces/share/my_interfaces/local_setup.sh
[3.546s] -- Installing: /home/gunwon/object_detection_ws/install/my_interfaces/share/my_interfaces/local_setup.zsh
[3.546s] -- Installing: /home/gunwon/object_detection_ws/install/my_interfaces/share/my_interfaces/local_setup.dsv
[3.546s] -- Installing: /home/gunwon/object_detection_ws/install/my_interfaces/share/my_interfaces/package.dsv
[3.547s] -- Installing: /home/gunwon/object_detection_ws/install/my_interfaces/share/ament_index/resource_index/packages/my_interfaces
[3.547s] -- Installing: /home/gunwon/object_detection_ws/install/my_interfaces/share/my_interfaces/cmake/export_my_interfaces__rosidl_generator_cExport.cmake
[3.548s] -- Installing: /home/gunwon/object_detection_ws/install/my_interfaces/share/my_interfaces/cmake/export_my_interfaces__rosidl_generator_cExport-noconfig.cmake
[3.548s] -- Installing: /home/gunwon/object_detection_ws/install/my_interfaces/share/my_interfaces/cmake/export_my_interfaces__rosidl_typesupport_fastrtps_cExport.cmake
[3.548s] -- Installing: /home/gunwon/object_detection_ws/install/my_interfaces/share/my_interfaces/cmake/export_my_interfaces__rosidl_typesupport_fastrtps_cExport-noconfig.cmake
[3.549s] -- Installing: /home/gunwon/object_detection_ws/install/my_interfaces/share/my_interfaces/cmake/export_my_interfaces__rosidl_generator_cppExport.cmake
[3.549s] -- Installing: /home/gunwon/object_detection_ws/install/my_interfaces/share/my_interfaces/cmake/export_my_interfaces__rosidl_typesupport_fastrtps_cppExport.cmake
[3.549s] -- Installing: /home/gunwon/object_detection_ws/install/my_interfaces/share/my_interfaces/cmake/export_my_interfaces__rosidl_typesupport_fastrtps_cppExport-noconfig.cmake
[3.550s] -- Installing: /home/gunwon/object_detection_ws/install/my_interfaces/share/my_interfaces/cmake/my_interfaces__rosidl_typesupport_introspection_cExport.cmake
[3.550s] -- Installing: /home/gunwon/object_detection_ws/install/my_interfaces/share/my_interfaces/cmake/my_interfaces__rosidl_typesupport_introspection_cExport-noconfig.cmake
[3.550s] -- Installing: /home/gunwon/object_detection_ws/install/my_interfaces/share/my_interfaces/cmake/my_interfaces__rosidl_typesupport_cExport.cmake
[3.551s] -- Installing: /home/gunwon/object_detection_ws/install/my_interfaces/share/my_interfaces/cmake/my_interfaces__rosidl_typesupport_cExport-noconfig.cmake
[3.551s] -- Installing: /home/gunwon/object_detection_ws/install/my_interfaces/share/my_interfaces/cmake/my_interfaces__rosidl_typesupport_introspection_cppExport.cmake
[3.551s] -- Installing: /home/gunwon/object_detection_ws/install/my_interfaces/share/my_interfaces/cmake/my_interfaces__rosidl_typesupport_introspection_cppExport-noconfig.cmake
[3.552s] -- Installing: /home/gunwon/object_detection_ws/install/my_interfaces/share/my_interfaces/cmake/my_interfaces__rosidl_typesupport_cppExport.cmake
[3.552s] -- Installing: /home/gunwon/object_detection_ws/install/my_interfaces/share/my_interfaces/cmake/my_interfaces__rosidl_typesupport_cppExport-noconfig.cmake
[3.552s] -- Installing: /home/gunwon/object_detection_ws/install/my_interfaces/share/my_interfaces/cmake/export_my_interfaces__rosidl_generator_pyExport.cmake
[3.553s] -- Installing: /home/gunwon/object_detection_ws/install/my_interfaces/share/my_interfaces/cmake/export_my_interfaces__rosidl_generator_pyExport-noconfig.cmake
[3.553s] -- Installing: /home/gunwon/object_detection_ws/install/my_interfaces/share/my_interfaces/cmake/rosidl_cmake-extras.cmake
[3.553s] -- Installing: /home/gunwon/object_detection_ws/install/my_interfaces/share/my_interfaces/cmake/ament_cmake_export_dependencies-extras.cmake
[3.554s] -- Installing: /home/gunwon/object_detection_ws/install/my_interfaces/share/my_interfaces/cmake/ament_cmake_export_include_directories-extras.cmake
[3.554s] -- Installing: /home/gunwon/object_detection_ws/install/my_interfaces/share/my_interfaces/cmake/ament_cmake_export_libraries-extras.cmake
[3.554s] -- Installing: /home/gunwon/object_detection_ws/install/my_interfaces/share/my_interfaces/cmake/ament_cmake_export_targets-extras.cmake
[3.555s] -- Installing: /home/gunwon/object_detection_ws/install/my_interfaces/share/my_interfaces/cmake/rosidl_cmake_export_typesupport_targets-extras.cmake
[3.555s] -- Installing: /home/gunwon/object_detection_ws/install/my_interfaces/share/my_interfaces/cmake/rosidl_cmake_export_typesupport_libraries-extras.cmake
[3.555s] -- Installing: /home/gunwon/object_detection_ws/install/my_interfaces/share/my_interfaces/cmake/my_interfacesConfig.cmake
[3.556s] -- Installing: /home/gunwon/object_detection_ws/install/my_interfaces/share/my_interfaces/cmake/my_interfacesConfig-version.cmake
[3.556s] -- Installing: /home/gunwon/object_detection_ws/install/my_interfaces/share/my_interfaces/package.xml
[3.562s] Invoked command in '/home/gunwon/object_detection_ws/build/my_interfaces' returned '0': CMAKE_PREFIX_PATH=/home/gunwon/object_detection_ws/install/yolo_detection:/opt/ros/humble /usr/bin/cmake --install /home/gunwon/object_detection_ws/build/my_interfaces
