[0.013s] Invoking command in '/home/gunwon/object_detection_ws/build/my_interfaces': CMAKE_PREFIX_PATH=${CMAKE_PREFIX_PATH}:/home/gunwon/object_detection_ws/install/yolo_detection:/opt/ros/humble /usr/bin/cmake --build /home/gunwon/object_detection_ws/build/my_interfaces -- -j12 -l12
[0.103s] -- Found ament_cmake: 1.3.11 (/opt/ros/humble/share/ament_cmake/cmake)
[0.292s] -- Found builtin_interfaces: 1.2.1 (/opt/ros/humble/share/builtin_interfaces/cmake)
[0.386s] -- Found rosidl_generator_c: 3.1.6 (/opt/ros/humble/share/rosidl_generator_c/cmake)
[0.388s] -- Found rosidl_adapter: 3.1.6 (/opt/ros/humble/share/rosidl_adapter/cmake)
[0.394s] -- Found rosidl_generator_cpp: 3.1.6 (/opt/ros/humble/share/rosidl_generator_cpp/cmake)
[0.403s] -- Using all available rosidl_typesupport_c: rosidl_typesupport_fastrtps_c;rosidl_typesupport_introspection_c
[0.414s] -- Using all available rosidl_typesupport_cpp: rosidl_typesupport_fastrtps_cpp;rosidl_typesupport_introspection_cpp
[0.424s] -- Found rosidl_default_generators: 1.2.0 (/opt/ros/humble/share/rosidl_default_generators/cmake)
[0.430s] -- Found std_msgs: 4.2.4 (/opt/ros/humble/share/std_msgs/cmake)
[0.440s] -- Found sensor_msgs: 4.2.4 (/opt/ros/humble/share/sensor_msgs/cmake)
[0.833s] -- Found ament_cmake_ros: 0.10.0 (/opt/ros/humble/share/ament_cmake_ros/cmake)
[1.455s] -- Using all available rosidl_typesupport_c: rosidl_typesupport_fastrtps_c;rosidl_typesupport_introspection_c
[1.714s] -- Using all available rosidl_typesupport_cpp: rosidl_typesupport_fastrtps_cpp;rosidl_typesupport_introspection_cpp
[1.753s] -- Found python_cmake_module: 0.10.0 (/opt/ros/humble/share/python_cmake_module/cmake)
[1.780s] -- Using PYTHON_EXECUTABLE: /usr/bin/python3
[1.780s] -- Using PYTHON_INCLUDE_DIRS: /usr/include/python3.10
[1.780s] -- Using PYTHON_LIBRARIES: /usr/lib/x86_64-linux-gnu/libpython3.10.so
[1.848s] -- Found ament_lint_auto: 0.12.11 (/opt/ros/humble/share/ament_lint_auto/cmake)
[1.856s] -- Added test 'lint_cmake' to check CMake code style
[1.857s] -- Added test 'xmllint' to check XML markup files
[1.858s] -- Configuring done
[1.893s] -- Generating done
[1.905s] -- Build files have been written to: /home/gunwon/object_detection_ws/build/my_interfaces
[1.938s] [35m[1mConsolidate compiler generated dependencies of target my_interfaces__rosidl_generator_c[0m
[1.955s] [  3%] Built target my_interfaces__cpp
[1.959s] [ 12%] Built target my_interfaces__rosidl_generator_c
[1.965s] [ 12%] Built target ament_cmake_python_copy_my_interfaces
[1.971s] [35m[1mConsolidate compiler generated dependencies of target my_interfaces__rosidl_typesupport_cpp[0m
[1.971s] [35m[1mConsolidate compiler generated dependencies of target my_interfaces__rosidl_typesupport_fastrtps_cpp[0m
[1.974s] [35m[1mConsolidate compiler generated dependencies of target my_interfaces__rosidl_typesupport_fastrtps_c[0m
[1.974s] [35m[1mConsolidate compiler generated dependencies of target my_interfaces__rosidl_typesupport_introspection_c[0m
[1.974s] [35m[1mConsolidate compiler generated dependencies of target my_interfaces__rosidl_typesupport_introspection_cpp[0m
[1.977s] [35m[1mConsolidate compiler generated dependencies of target my_interfaces__rosidl_typesupport_c[0m
[1.988s] [ 32%] Built target my_interfaces__rosidl_typesupport_fastrtps_cpp
[1.988s] [ 32%] Built target my_interfaces__rosidl_typesupport_cpp
[1.991s] [ 41%] Built target my_interfaces__rosidl_typesupport_fastrtps_c
[1.991s] [ 51%] Built target my_interfaces__rosidl_typesupport_introspection_c
[1.992s] [ 61%] Built target my_interfaces__rosidl_typesupport_introspection_cpp
[1.993s] [ 70%] Built target my_interfaces__rosidl_typesupport_c
[2.018s] [ 70%] Built target my_interfaces
[2.045s] [ 74%] Built target my_interfaces__py
[2.059s] [35m[1mConsolidate compiler generated dependencies of target my_interfaces__rosidl_generator_py[0m
[2.074s] [ 80%] Built target my_interfaces__rosidl_generator_py
[2.086s] [35m[1mConsolidate compiler generated dependencies of target my_interfaces__rosidl_typesupport_introspection_c__pyext[0m
[2.087s] [35m[1mConsolidate compiler generated dependencies of target my_interfaces__rosidl_typesupport_c__pyext[0m
[2.094s] [35m[1mConsolidate compiler generated dependencies of target my_interfaces__rosidl_typesupport_fastrtps_c__pyext[0m
[2.101s] [ 93%] Built target my_interfaces__rosidl_typesupport_c__pyext
[2.101s] [ 93%] Built target my_interfaces__rosidl_typesupport_introspection_c__pyext
[2.110s] [100%] Built target my_interfaces__rosidl_typesupport_fastrtps_c__pyext
[2.243s] running egg_info
[2.244s] writing my_interfaces.egg-info/PKG-INFO
[2.244s] writing dependency_links to my_interfaces.egg-info/dependency_links.txt
[2.244s] writing top-level names to my_interfaces.egg-info/top_level.txt
[2.288s] reading manifest file 'my_interfaces.egg-info/SOURCES.txt'
[2.289s] writing manifest file 'my_interfaces.egg-info/SOURCES.txt'
[2.336s] [100%] Built target ament_cmake_python_build_my_interfaces_egg
[2.365s] Invoked command in '/home/gunwon/object_detection_ws/build/my_interfaces' returned '0': CMAKE_PREFIX_PATH=${CMAKE_PREFIX_PATH}:/home/gunwon/object_detection_ws/install/yolo_detection:/opt/ros/humble /usr/bin/cmake --build /home/gunwon/object_detection_ws/build/my_interfaces -- -j12 -l12
[2.387s] Invoking command in '/home/gunwon/object_detection_ws/build/my_interfaces': CMAKE_PREFIX_PATH=${CMAKE_PREFIX_PATH}:/home/gunwon/object_detection_ws/install/yolo_detection:/opt/ros/humble /usr/bin/cmake --install /home/gunwon/object_detection_ws/build/my_interfaces
[2.404s] -- Install configuration: ""
[2.404s] -- Up-to-date: /home/gunwon/object_detection_ws/install/my_interfaces/share/ament_index/resource_index/rosidl_interfaces/my_interfaces
[2.404s] -- Up-to-date: /home/gunwon/object_detection_ws/install/my_interfaces/include/my_interfaces/my_interfaces
[2.404s] -- Up-to-date: /home/gunwon/object_detection_ws/install/my_interfaces/include/my_interfaces/my_interfaces/msg
[2.404s] -- Up-to-date: /home/gunwon/object_detection_ws/install/my_interfaces/include/my_interfaces/my_interfaces/msg/detail
[2.405s] -- Up-to-date: /home/gunwon/object_detection_ws/install/my_interfaces/include/my_interfaces/my_interfaces/msg/detail/object_data__struct.h
[2.405s] -- Up-to-date: /home/gunwon/object_detection_ws/install/my_interfaces/include/my_interfaces/my_interfaces/msg/detail/object_data__functions.h
[2.405s] -- Up-to-date: /home/gunwon/object_detection_ws/install/my_interfaces/include/my_interfaces/my_interfaces/msg/detail/object_data__type_support.h
[2.405s] -- Up-to-date: /home/gunwon/object_detection_ws/install/my_interfaces/include/my_interfaces/my_interfaces/msg/detail/object_data__functions.c
[2.406s] -- Up-to-date: /home/gunwon/object_detection_ws/install/my_interfaces/include/my_interfaces/my_interfaces/msg/object_data.h
[2.406s] -- Up-to-date: /home/gunwon/object_detection_ws/install/my_interfaces/include/my_interfaces/my_interfaces/msg/rosidl_generator_c__visibility_control.h
[2.406s] -- Up-to-date: /home/gunwon/object_detection_ws/install/my_interfaces/share/my_interfaces/environment/library_path.sh
[2.406s] -- Installing: /home/gunwon/object_detection_ws/install/my_interfaces/share/my_interfaces/environment/library_path.dsv
[2.406s] -- Up-to-date: /home/gunwon/object_detection_ws/install/my_interfaces/lib/libmy_interfaces__rosidl_generator_c.so
[2.406s] -- Up-to-date: /home/gunwon/object_detection_ws/install/my_interfaces/include/my_interfaces/my_interfaces
[2.407s] -- Up-to-date: /home/gunwon/object_detection_ws/install/my_interfaces/include/my_interfaces/my_interfaces/msg
[2.407s] -- Up-to-date: /home/gunwon/object_detection_ws/install/my_interfaces/include/my_interfaces/my_interfaces/msg/rosidl_typesupport_fastrtps_c__visibility_control.h
[2.407s] -- Up-to-date: /home/gunwon/object_detection_ws/install/my_interfaces/include/my_interfaces/my_interfaces/msg/detail
[2.407s] -- Up-to-date: /home/gunwon/object_detection_ws/install/my_interfaces/include/my_interfaces/my_interfaces/msg/detail/object_data__rosidl_typesupport_fastrtps_c.h
[2.407s] -- Up-to-date: /home/gunwon/object_detection_ws/install/my_interfaces/lib/libmy_interfaces__rosidl_typesupport_fastrtps_c.so
[2.407s] -- Up-to-date: /home/gunwon/object_detection_ws/install/my_interfaces/include/my_interfaces/my_interfaces
[2.407s] -- Up-to-date: /home/gunwon/object_detection_ws/install/my_interfaces/include/my_interfaces/my_interfaces/msg
[2.407s] -- Up-to-date: /home/gunwon/object_detection_ws/install/my_interfaces/include/my_interfaces/my_interfaces/msg/rosidl_generator_cpp__visibility_control.hpp
[2.407s] -- Up-to-date: /home/gunwon/object_detection_ws/install/my_interfaces/include/my_interfaces/my_interfaces/msg/object_data.hpp
[2.408s] -- Up-to-date: /home/gunwon/object_detection_ws/install/my_interfaces/include/my_interfaces/my_interfaces/msg/detail
[2.408s] -- Up-to-date: /home/gunwon/object_detection_ws/install/my_interfaces/include/my_interfaces/my_interfaces/msg/detail/object_data__builder.hpp
[2.408s] -- Up-to-date: /home/gunwon/object_detection_ws/install/my_interfaces/include/my_interfaces/my_interfaces/msg/detail/object_data__traits.hpp
[2.408s] -- Up-to-date: /home/gunwon/object_detection_ws/install/my_interfaces/include/my_interfaces/my_interfaces/msg/detail/object_data__struct.hpp
[2.408s] -- Up-to-date: /home/gunwon/object_detection_ws/install/my_interfaces/include/my_interfaces/my_interfaces/msg/detail/object_data__type_support.hpp
[2.408s] -- Up-to-date: /home/gunwon/object_detection_ws/install/my_interfaces/include/my_interfaces/my_interfaces
[2.408s] -- Up-to-date: /home/gunwon/object_detection_ws/install/my_interfaces/include/my_interfaces/my_interfaces/msg
[2.408s] -- Up-to-date: /home/gunwon/object_detection_ws/install/my_interfaces/include/my_interfaces/my_interfaces/msg/detail
[2.408s] -- Up-to-date: /home/gunwon/object_detection_ws/install/my_interfaces/include/my_interfaces/my_interfaces/msg/detail/object_data__rosidl_typesupport_fastrtps_cpp.hpp
[2.408s] -- Up-to-date: /home/gunwon/object_detection_ws/install/my_interfaces/include/my_interfaces/my_interfaces/msg/detail/dds_fastrtps
[2.408s] -- Up-to-date: /home/gunwon/object_detection_ws/install/my_interfaces/include/my_interfaces/my_interfaces/msg/rosidl_typesupport_fastrtps_cpp__visibility_control.h
[2.408s] -- Up-to-date: /home/gunwon/object_detection_ws/install/my_interfaces/lib/libmy_interfaces__rosidl_typesupport_fastrtps_cpp.so
[2.408s] -- Up-to-date: /home/gunwon/object_detection_ws/install/my_interfaces/include/my_interfaces/my_interfaces
[2.408s] -- Up-to-date: /home/gunwon/object_detection_ws/install/my_interfaces/include/my_interfaces/my_interfaces/msg
[2.408s] -- Up-to-date: /home/gunwon/object_detection_ws/install/my_interfaces/include/my_interfaces/my_interfaces/msg/rosidl_typesupport_introspection_c__visibility_control.h
[2.408s] -- Up-to-date: /home/gunwon/object_detection_ws/install/my_interfaces/include/my_interfaces/my_interfaces/msg/detail
[2.409s] -- Up-to-date: /home/gunwon/object_detection_ws/install/my_interfaces/include/my_interfaces/my_interfaces/msg/detail/object_data__type_support.c
[2.409s] -- Up-to-date: /home/gunwon/object_detection_ws/install/my_interfaces/include/my_interfaces/my_interfaces/msg/detail/object_data__rosidl_typesupport_introspection_c.h
[2.409s] -- Up-to-date: /home/gunwon/object_detection_ws/install/my_interfaces/lib/libmy_interfaces__rosidl_typesupport_introspection_c.so
[2.409s] -- Up-to-date: /home/gunwon/object_detection_ws/install/my_interfaces/lib/libmy_interfaces__rosidl_typesupport_c.so
[2.409s] -- Up-to-date: /home/gunwon/object_detection_ws/install/my_interfaces/include/my_interfaces/my_interfaces
[2.409s] -- Up-to-date: /home/gunwon/object_detection_ws/install/my_interfaces/include/my_interfaces/my_interfaces/msg
[2.409s] -- Up-to-date: /home/gunwon/object_detection_ws/install/my_interfaces/include/my_interfaces/my_interfaces/msg/detail
[2.409s] -- Up-to-date: /home/gunwon/object_detection_ws/install/my_interfaces/include/my_interfaces/my_interfaces/msg/detail/object_data__type_support.cpp
[2.409s] -- Up-to-date: /home/gunwon/object_detection_ws/install/my_interfaces/include/my_interfaces/my_interfaces/msg/detail/object_data__rosidl_typesupport_introspection_cpp.hpp
[2.409s] -- Up-to-date: /home/gunwon/object_detection_ws/install/my_interfaces/lib/libmy_interfaces__rosidl_typesupport_introspection_cpp.so
[2.409s] -- Up-to-date: /home/gunwon/object_detection_ws/install/my_interfaces/lib/libmy_interfaces__rosidl_typesupport_cpp.so
[2.409s] -- Up-to-date: /home/gunwon/object_detection_ws/install/my_interfaces/share/my_interfaces/environment/pythonpath.sh
[2.409s] -- Installing: /home/gunwon/object_detection_ws/install/my_interfaces/share/my_interfaces/environment/pythonpath.dsv
[2.409s] -- Up-to-date: /home/gunwon/object_detection_ws/install/my_interfaces/local/lib/python3.10/dist-packages/my_interfaces-0.0.0-py3.10.egg-info
[2.409s] -- Installing: /home/gunwon/object_detection_ws/install/my_interfaces/local/lib/python3.10/dist-packages/my_interfaces-0.0.0-py3.10.egg-info/top_level.txt
[2.409s] -- Installing: /home/gunwon/object_detection_ws/install/my_interfaces/local/lib/python3.10/dist-packages/my_interfaces-0.0.0-py3.10.egg-info/dependency_links.txt
[2.409s] -- Installing: /home/gunwon/object_detection_ws/install/my_interfaces/local/lib/python3.10/dist-packages/my_interfaces-0.0.0-py3.10.egg-info/SOURCES.txt
[2.409s] -- Installing: /home/gunwon/object_detection_ws/install/my_interfaces/local/lib/python3.10/dist-packages/my_interfaces-0.0.0-py3.10.egg-info/PKG-INFO
[2.410s] -- Up-to-date: /home/gunwon/object_detection_ws/install/my_interfaces/local/lib/python3.10/dist-packages/my_interfaces
[2.410s] -- Up-to-date: /home/gunwon/object_detection_ws/install/my_interfaces/local/lib/python3.10/dist-packages/my_interfaces/libmy_interfaces__rosidl_generator_py.so
[2.410s] -- Up-to-date: /home/gunwon/object_detection_ws/install/my_interfaces/local/lib/python3.10/dist-packages/my_interfaces/_my_interfaces_s.ep.rosidl_typesupport_fastrtps_c.c
[2.410s] -- Installing: /home/gunwon/object_detection_ws/install/my_interfaces/local/lib/python3.10/dist-packages/my_interfaces/__init__.py
[2.410s] -- Up-to-date: /home/gunwon/object_detection_ws/install/my_interfaces/local/lib/python3.10/dist-packages/my_interfaces/my_interfaces_s__rosidl_typesupport_fastrtps_c.cpython-310-x86_64-linux-gnu.so
[2.410s] -- Up-to-date: /home/gunwon/object_detection_ws/install/my_interfaces/local/lib/python3.10/dist-packages/my_interfaces/my_interfaces_s__rosidl_typesupport_c.cpython-310-x86_64-linux-gnu.so
[2.410s] -- Up-to-date: /home/gunwon/object_detection_ws/install/my_interfaces/local/lib/python3.10/dist-packages/my_interfaces/_my_interfaces_s.ep.rosidl_typesupport_c.c
[2.410s] -- Up-to-date: /home/gunwon/object_detection_ws/install/my_interfaces/local/lib/python3.10/dist-packages/my_interfaces/msg
[2.410s] -- Up-to-date: /home/gunwon/object_detection_ws/install/my_interfaces/local/lib/python3.10/dist-packages/my_interfaces/msg/_object_data_s.c
[2.410s] -- Up-to-date: /home/gunwon/object_detection_ws/install/my_interfaces/local/lib/python3.10/dist-packages/my_interfaces/msg/__init__.py
[2.410s] -- Up-to-date: /home/gunwon/object_detection_ws/install/my_interfaces/local/lib/python3.10/dist-packages/my_interfaces/msg/_object_data.py
[2.410s] -- Up-to-date: /home/gunwon/object_detection_ws/install/my_interfaces/local/lib/python3.10/dist-packages/my_interfaces/_my_interfaces_s.ep.rosidl_typesupport_introspection_c.c
[2.410s] -- Up-to-date: /home/gunwon/object_detection_ws/install/my_interfaces/local/lib/python3.10/dist-packages/my_interfaces/my_interfaces_s__rosidl_typesupport_introspection_c.cpython-310-x86_64-linux-gnu.so
[2.449s] Listing '/home/gunwon/object_detection_ws/install/my_interfaces/local/lib/python3.10/dist-packages/my_interfaces'...
[2.450s] Compiling '/home/gunwon/object_detection_ws/install/my_interfaces/local/lib/python3.10/dist-packages/my_interfaces/__init__.py'...
[2.450s] Listing '/home/gunwon/object_detection_ws/install/my_interfaces/local/lib/python3.10/dist-packages/my_interfaces/msg'...
[2.455s] -- Up-to-date: /home/gunwon/object_detection_ws/install/my_interfaces/local/lib/python3.10/dist-packages/my_interfaces/my_interfaces_s__rosidl_typesupport_fastrtps_c.cpython-310-x86_64-linux-gnu.so
[2.455s] -- Up-to-date: /home/gunwon/object_detection_ws/install/my_interfaces/local/lib/python3.10/dist-packages/my_interfaces/my_interfaces_s__rosidl_typesupport_introspection_c.cpython-310-x86_64-linux-gnu.so
[2.456s] -- Up-to-date: /home/gunwon/object_detection_ws/install/my_interfaces/local/lib/python3.10/dist-packages/my_interfaces/my_interfaces_s__rosidl_typesupport_c.cpython-310-x86_64-linux-gnu.so
[2.456s] -- Up-to-date: /home/gunwon/object_detection_ws/install/my_interfaces/lib/libmy_interfaces__rosidl_generator_py.so
[2.457s] -- Up-to-date: /home/gunwon/object_detection_ws/install/my_interfaces/share/my_interfaces/msg/ObjectData.idl
[2.457s] -- Up-to-date: /home/gunwon/object_detection_ws/install/my_interfaces/share/my_interfaces/msg/ObjectData.msg
[2.457s] -- Up-to-date: /home/gunwon/object_detection_ws/install/my_interfaces/share/ament_index/resource_index/package_run_dependencies/my_interfaces
[2.457s] -- Up-to-date: /home/gunwon/object_detection_ws/install/my_interfaces/share/ament_index/resource_index/parent_prefix_path/my_interfaces
[2.457s] -- Up-to-date: /home/gunwon/object_detection_ws/install/my_interfaces/share/my_interfaces/environment/ament_prefix_path.sh
[2.458s] -- Installing: /home/gunwon/object_detection_ws/install/my_interfaces/share/my_interfaces/environment/ament_prefix_path.dsv
[2.458s] -- Up-to-date: /home/gunwon/object_detection_ws/install/my_interfaces/share/my_interfaces/environment/path.sh
[2.458s] -- Installing: /home/gunwon/object_detection_ws/install/my_interfaces/share/my_interfaces/environment/path.dsv
[2.458s] -- Up-to-date: /home/gunwon/object_detection_ws/install/my_interfaces/share/my_interfaces/local_setup.bash
[2.458s] -- Up-to-date: /home/gunwon/object_detection_ws/install/my_interfaces/share/my_interfaces/local_setup.sh
[2.459s] -- Up-to-date: /home/gunwon/object_detection_ws/install/my_interfaces/share/my_interfaces/local_setup.zsh
[2.459s] -- Installing: /home/gunwon/object_detection_ws/install/my_interfaces/share/my_interfaces/local_setup.dsv
[2.459s] -- Installing: /home/gunwon/object_detection_ws/install/my_interfaces/share/my_interfaces/package.dsv
[2.459s] -- Up-to-date: /home/gunwon/object_detection_ws/install/my_interfaces/share/ament_index/resource_index/packages/my_interfaces
[2.460s] -- Up-to-date: /home/gunwon/object_detection_ws/install/my_interfaces/share/my_interfaces/cmake/export_my_interfaces__rosidl_generator_cExport.cmake
[2.460s] -- Up-to-date: /home/gunwon/object_detection_ws/install/my_interfaces/share/my_interfaces/cmake/export_my_interfaces__rosidl_generator_cExport-noconfig.cmake
[2.460s] -- Up-to-date: /home/gunwon/object_detection_ws/install/my_interfaces/share/my_interfaces/cmake/export_my_interfaces__rosidl_typesupport_fastrtps_cExport.cmake
[2.460s] -- Up-to-date: /home/gunwon/object_detection_ws/install/my_interfaces/share/my_interfaces/cmake/export_my_interfaces__rosidl_typesupport_fastrtps_cExport-noconfig.cmake
[2.460s] -- Up-to-date: /home/gunwon/object_detection_ws/install/my_interfaces/share/my_interfaces/cmake/export_my_interfaces__rosidl_generator_cppExport.cmake
[2.461s] -- Up-to-date: /home/gunwon/object_detection_ws/install/my_interfaces/share/my_interfaces/cmake/export_my_interfaces__rosidl_typesupport_fastrtps_cppExport.cmake
[2.461s] -- Up-to-date: /home/gunwon/object_detection_ws/install/my_interfaces/share/my_interfaces/cmake/export_my_interfaces__rosidl_typesupport_fastrtps_cppExport-noconfig.cmake
[2.461s] -- Up-to-date: /home/gunwon/object_detection_ws/install/my_interfaces/share/my_interfaces/cmake/my_interfaces__rosidl_typesupport_introspection_cExport.cmake
[2.461s] -- Up-to-date: /home/gunwon/object_detection_ws/install/my_interfaces/share/my_interfaces/cmake/my_interfaces__rosidl_typesupport_introspection_cExport-noconfig.cmake
[2.461s] -- Up-to-date: /home/gunwon/object_detection_ws/install/my_interfaces/share/my_interfaces/cmake/my_interfaces__rosidl_typesupport_cExport.cmake
[2.462s] -- Up-to-date: /home/gunwon/object_detection_ws/install/my_interfaces/share/my_interfaces/cmake/my_interfaces__rosidl_typesupport_cExport-noconfig.cmake
[2.462s] -- Up-to-date: /home/gunwon/object_detection_ws/install/my_interfaces/share/my_interfaces/cmake/my_interfaces__rosidl_typesupport_introspection_cppExport.cmake
[2.462s] -- Up-to-date: /home/gunwon/object_detection_ws/install/my_interfaces/share/my_interfaces/cmake/my_interfaces__rosidl_typesupport_introspection_cppExport-noconfig.cmake
[2.462s] -- Up-to-date: /home/gunwon/object_detection_ws/install/my_interfaces/share/my_interfaces/cmake/my_interfaces__rosidl_typesupport_cppExport.cmake
[2.462s] -- Up-to-date: /home/gunwon/object_detection_ws/install/my_interfaces/share/my_interfaces/cmake/my_interfaces__rosidl_typesupport_cppExport-noconfig.cmake
[2.463s] -- Up-to-date: /home/gunwon/object_detection_ws/install/my_interfaces/share/my_interfaces/cmake/export_my_interfaces__rosidl_generator_pyExport.cmake
[2.463s] -- Up-to-date: /home/gunwon/object_detection_ws/install/my_interfaces/share/my_interfaces/cmake/export_my_interfaces__rosidl_generator_pyExport-noconfig.cmake
[2.463s] -- Up-to-date: /home/gunwon/object_detection_ws/install/my_interfaces/share/my_interfaces/cmake/rosidl_cmake-extras.cmake
[2.463s] -- Up-to-date: /home/gunwon/object_detection_ws/install/my_interfaces/share/my_interfaces/cmake/ament_cmake_export_dependencies-extras.cmake
[2.463s] -- Up-to-date: /home/gunwon/object_detection_ws/install/my_interfaces/share/my_interfaces/cmake/ament_cmake_export_include_directories-extras.cmake
[2.463s] -- Up-to-date: /home/gunwon/object_detection_ws/install/my_interfaces/share/my_interfaces/cmake/ament_cmake_export_libraries-extras.cmake
[2.464s] -- Up-to-date: /home/gunwon/object_detection_ws/install/my_interfaces/share/my_interfaces/cmake/ament_cmake_export_targets-extras.cmake
[2.464s] -- Up-to-date: /home/gunwon/object_detection_ws/install/my_interfaces/share/my_interfaces/cmake/rosidl_cmake_export_typesupport_targets-extras.cmake
[2.464s] -- Up-to-date: /home/gunwon/object_detection_ws/install/my_interfaces/share/my_interfaces/cmake/rosidl_cmake_export_typesupport_libraries-extras.cmake
[2.464s] -- Up-to-date: /home/gunwon/object_detection_ws/install/my_interfaces/share/my_interfaces/cmake/my_interfacesConfig.cmake
[2.464s] -- Up-to-date: /home/gunwon/object_detection_ws/install/my_interfaces/share/my_interfaces/cmake/my_interfacesConfig-version.cmake
[2.464s] -- Installing: /home/gunwon/object_detection_ws/install/my_interfaces/share/my_interfaces/package.xml
[2.469s] Invoked command in '/home/gunwon/object_detection_ws/build/my_interfaces' returned '0': CMAKE_PREFIX_PATH=${CMAKE_PREFIX_PATH}:/home/gunwon/object_detection_ws/install/yolo_detection:/opt/ros/humble /usr/bin/cmake --install /home/gunwon/object_detection_ws/build/my_interfaces
