[0.707s] Invoking command in '/home/gunwon/object_detection_ws/src/yolo_detection': PYTHONPATH=/home/gunwon/object_detection_ws/build/yolo_detection/prefix_override:/usr/lib/python3/dist-packages/colcon_core/task/python/colcon_distutils_commands:/home/gunwon/object_detection_ws/install/yolo_detection/lib/python3.10/site-packages:${PYTHONPATH} /usr/bin/python3 -W ignore:setup.py install is deprecated -W ignore:easy_install command is deprecated setup.py egg_info --egg-base ../../build/yolo_detection build --build-base /home/gunwon/object_detection_ws/build/yolo_detection/build install --record /home/gunwon/object_detection_ws/build/yolo_detection/install.log --single-version-externally-managed install_data
[0.968s] running egg_info
[0.969s] writing ../../build/yolo_detection/yolo_detection.egg-info/PKG-INFO
[0.969s] writing dependency_links to ../../build/yolo_detection/yolo_detection.egg-info/dependency_links.txt
[0.969s] writing entry points to ../../build/yolo_detection/yolo_detection.egg-info/entry_points.txt
[0.969s] writing requirements to ../../build/yolo_detection/yolo_detection.egg-info/requires.txt
[0.969s] writing top-level names to ../../build/yolo_detection/yolo_detection.egg-info/top_level.txt
[0.971s] reading manifest file '../../build/yolo_detection/yolo_detection.egg-info/SOURCES.txt'
[0.972s] writing manifest file '../../build/yolo_detection/yolo_detection.egg-info/SOURCES.txt'
[0.972s] running build
[0.972s] running build_py
[0.973s] copying yolo_detection/yolo_publisher.py -> /home/gunwon/object_detection_ws/build/yolo_detection/build/lib/yolo_detection
[0.973s] running install
[0.973s] running install_lib
[0.973s] copying /home/gunwon/object_detection_ws/build/yolo_detection/build/lib/yolo_detection/yolo_publisher.py -> /home/gunwon/object_detection_ws/install/yolo_detection/lib/python3.10/site-packages/yolo_detection
[0.974s] byte-compiling /home/gunwon/object_detection_ws/install/yolo_detection/lib/python3.10/site-packages/yolo_detection/yolo_publisher.py to yolo_publisher.cpython-310.pyc
[0.974s] running install_data
[0.975s] running install_egg_info
[0.976s] removing '/home/gunwon/object_detection_ws/install/yolo_detection/lib/python3.10/site-packages/yolo_detection-0.0.0-py3.10.egg-info' (and everything under it)
[0.977s] Copying ../../build/yolo_detection/yolo_detection.egg-info to /home/gunwon/object_detection_ws/install/yolo_detection/lib/python3.10/site-packages/yolo_detection-0.0.0-py3.10.egg-info
[0.977s] running install_scripts
[0.994s] Installing yolo_publisher_node script to /home/gunwon/object_detection_ws/install/yolo_detection/lib/yolo_detection
[0.994s] writing list of installed files to '/home/gunwon/object_detection_ws/build/yolo_detection/install.log'
[1.028s] Invoked command in '/home/gunwon/object_detection_ws/src/yolo_detection' returned '0': PYTHONPATH=/home/gunwon/object_detection_ws/build/yolo_detection/prefix_override:/usr/lib/python3/dist-packages/colcon_core/task/python/colcon_distutils_commands:/home/gunwon/object_detection_ws/install/yolo_detection/lib/python3.10/site-packages:${PYTHONPATH} /usr/bin/python3 -W ignore:setup.py install is deprecated -W ignore:easy_install command is deprecated setup.py egg_info --egg-base ../../build/yolo_detection build --build-base /home/gunwon/object_detection_ws/build/yolo_detection/build install --record /home/gunwon/object_detection_ws/build/yolo_detection/install.log --single-version-externally-managed install_data
