[0.692s] Invoking command in '/home/gunwon/object_detection_ws/src/yolo_detection': PYTHONPATH=/home/gunwon/object_detection_ws/build/yolo_detection/prefix_override:/usr/lib/python3/dist-packages/colcon_core/task/python/colcon_distutils_commands:/home/gunwon/object_detection_ws/install/yolo_detection/lib/python3.10/site-packages:${PYTHONPATH} /usr/bin/python3 -W ignore:setup.py install is deprecated -W ignore:easy_install command is deprecated setup.py egg_info --egg-base ../../build/yolo_detection build --build-base /home/gunwon/object_detection_ws/build/yolo_detection/build install --record /home/gunwon/object_detection_ws/build/yolo_detection/install.log --single-version-externally-managed install_data
[0.956s] running egg_info
[0.957s] writing ../../build/yolo_detection/yolo_detection.egg-info/PKG-INFO
[0.957s] writing dependency_links to ../../build/yolo_detection/yolo_detection.egg-info/dependency_links.txt
[0.957s] writing entry points to ../../build/yolo_detection/yolo_detection.egg-info/entry_points.txt
[0.957s] writing requirements to ../../build/yolo_detection/yolo_detection.egg-info/requires.txt
[0.957s] writing top-level names to ../../build/yolo_detection/yolo_detection.egg-info/top_level.txt
[0.959s] reading manifest file '../../build/yolo_detection/yolo_detection.egg-info/SOURCES.txt'
[0.960s] writing manifest file '../../build/yolo_detection/yolo_detection.egg-info/SOURCES.txt'
[0.960s] running build
[0.960s] running build_py
[0.961s] running install
[0.961s] running install_lib
[0.962s] running install_data
[0.962s] running install_egg_info
[0.964s] removing '/home/gunwon/object_detection_ws/install/yolo_detection/lib/python3.10/site-packages/yolo_detection-0.0.0-py3.10.egg-info' (and everything under it)
[0.964s] Copying ../../build/yolo_detection/yolo_detection.egg-info to /home/gunwon/object_detection_ws/install/yolo_detection/lib/python3.10/site-packages/yolo_detection-0.0.0-py3.10.egg-info
[0.965s] running install_scripts
[0.982s] Installing camera_image_publisher_node script to /home/gunwon/object_detection_ws/install/yolo_detection/lib/yolo_detection
[0.982s] Installing yolo_publisher_node script to /home/gunwon/object_detection_ws/install/yolo_detection/lib/yolo_detection
[0.982s] Installing yolo_subscriber_node script to /home/gunwon/object_detection_ws/install/yolo_detection/lib/yolo_detection
[0.982s] writing list of installed files to '/home/gunwon/object_detection_ws/build/yolo_detection/install.log'
[1.017s] Invoked command in '/home/gunwon/object_detection_ws/src/yolo_detection' returned '0': PYTHONPATH=/home/gunwon/object_detection_ws/build/yolo_detection/prefix_override:/usr/lib/python3/dist-packages/colcon_core/task/python/colcon_distutils_commands:/home/gunwon/object_detection_ws/install/yolo_detection/lib/python3.10/site-packages:${PYTHONPATH} /usr/bin/python3 -W ignore:setup.py install is deprecated -W ignore:easy_install command is deprecated setup.py egg_info --egg-base ../../build/yolo_detection build --build-base /home/gunwon/object_detection_ws/build/yolo_detection/build install --record /home/gunwon/object_detection_ws/build/yolo_detection/install.log --single-version-externally-managed install_data
