In file included from [01m[K/home/gunwon/object_detection_ws/build/my_interfaces/rosidl_generator_c/my_interfaces/msg/detail/object_data__functions.h:19[m[K,
                 from [01m[K/home/gunwon/object_detection_ws/build/my_interfaces/rosidl_generator_c/my_interfaces/msg/detail/object_data__functions.c:4[m[K:
[01m[K/home/gunwon/object_detection_ws/build/my_interfaces/rosidl_generator_c/my_interfaces/msg/detail/object_data__struct.h:23:10:[m[K [01;31m[Kfatal error: [m[Kstd_msgs/msg/detail/int32_multi_array__struct.h: ê·¸ëŸ° íŒŒì¼ì´ë‚˜ ë””ë ‰í„°ë¦¬ê°€ ì—†ìŠµë‹ˆë‹¤
   23 | #include [01;31m[K"std_msgs/msg/detail/int32_multi_array__struct.h"[m[K
      |          [01;31m[K^~~~~~~~~~~~~~~~~~~~~~~~~~~~~~~~~~~~~~~~~~~~~~~~~[m[K
compilation terminated.
gmake[2]: *** [CMakeFiles/my_interfaces__rosidl_generator_c.dir/build.make:107: CMakeFiles/my_interfaces__rosidl_generator_c.dir/rosidl_generator_c/my_interfaces/msg/detail/object_data__functions.c.o] ì˜¤ë¥˜ 1
gmake[1]: *** [CMakeFiles/Makefile2:213: CMakeFiles/my_interfaces__rosidl_generator_c.dir/all] ì˜¤ë¥˜ 2
gmake[1]: *** ëë‚˜ì§€ ì•Šì€ ì‘ì—…ì„ ê¸°ë‹¤ë¦¬ê³  ìˆìŠµë‹ˆë‹¤....
In file included from [01m[K/home/gunwon/object_detection_ws/build/my_interfaces/rosidl_typesupport_cpp/my_interfaces/msg/object_data__type_support.cpp:7[m[K:
[01m[K/home/gunwon/object_detection_ws/build/my_interfaces/rosidl_generator_cpp/my_interfaces/msg/detail/object_data__struct.hpp:20:10:[m[K [01;31m[Kfatal error: [m[Kstd_msgs/msg/detail/int32_multi_array__struct.hpp: ê·¸ëŸ° íŒŒì¼ì´ë‚˜ ë””ë ‰í„°ë¦¬ê°€ ì—†ìŠµë‹ˆë‹¤
   20 | #include [01;31m[K"std_msgs/msg/detail/int32_multi_array__struct.hpp"[m[K
      |          [01;31m[K^~~~~~~~~~~~~~~~~~~~~~~~~~~~~~~~~~~~~~~~~~~~~~~~~~~[m[K
compilation terminated.
gmake[2]: *** [CMakeFiles/my_interfaces__rosidl_typesupport_cpp.dir/build.make:88: CMakeFiles/my_interfaces__rosidl_typesupport_cpp.dir/rosidl_typesupport_cpp/my_interfaces/msg/object_data__type_support.cpp.o] ì˜¤ë¥˜ 1
gmake[1]: *** [CMakeFiles/Makefile2:395: CMakeFiles/my_interfaces__rosidl_typesupport_cpp.dir/all] ì˜¤ë¥˜ 2
In file included from [01m[K/home/gunwon/object_detection_ws/build/my_interfaces/rosidl_typesupport_introspection_cpp/my_interfaces/msg/detail/object_data__type_support.cpp:12[m[K:
[01m[K/home/gunwon/object_detection_ws/build/my_interfaces/rosidl_generator_cpp/my_interfaces/msg/detail/object_data__struct.hpp:20:10:[m[K [01;31m[Kfatal error: [m[Kstd_msgs/msg/detail/int32_multi_array__struct.hpp: ê·¸ëŸ° íŒŒì¼ì´ë‚˜ ë””ë ‰í„°ë¦¬ê°€ ì—†ìŠµë‹ˆë‹¤
   20 | #include [01;31m[K"std_msgs/msg/detail/int32_multi_array__struct.hpp"[m[K
      |          [01;31m[K^~~~~~~~~~~~~~~~~~~~~~~~~~~~~~~~~~~~~~~~~~~~~~~~~~~[m[K
compilation terminated.
In file included from [01m[K/home/gunwon/object_detection_ws/build/my_interfaces/rosidl_typesupport_fastrtps_cpp/my_interfaces/msg/detail/object_data__rosidl_typesupport_fastrtps_cpp.hpp:11[m[K,
                 from [01m[K/home/gunwon/object_detection_ws/build/my_interfaces/rosidl_typesupport_fastrtps_cpp/my_interfaces/msg/detail/dds_fastrtps/object_data__type_support.cpp:4[m[K:
[01m[K/home/gunwon/object_detection_ws/build/my_interfaces/rosidl_generator_cpp/my_interfaces/msg/detail/object_data__struct.hpp:20:10:[m[K [01;31m[Kfatal error: [m[Kstd_msgs/msg/detail/int32_multi_array__struct.hpp: ê·¸ëŸ° íŒŒì¼ì´ë‚˜ ë””ë ‰í„°ë¦¬ê°€ ì—†ìŠµë‹ˆë‹¤
   20 | #include [01;31m[K"std_msgs/msg/detail/int32_multi_array__struct.hpp"[m[K
      |          [01;31m[K^~~~~~~~~~~~~~~~~~~~~~~~~~~~~~~~~~~~~~~~~~~~~~~~~~~[m[K
compilation terminated.
gmake[2]: *** [CMakeFiles/my_interfaces__rosidl_typesupport_introspection_cpp.dir/build.make:93: CMakeFiles/my_interfaces__rosidl_typesupport_introspection_cpp.dir/rosidl_typesupport_introspection_cpp/my_interfaces/msg/detail/object_data__type_support.cpp.o] ì˜¤ë¥˜ 1
gmake[2]: *** [CMakeFiles/my_interfaces__rosidl_typesupport_fastrtps_cpp.dir/build.make:93: CMakeFiles/my_interfaces__rosidl_typesupport_fastrtps_cpp.dir/rosidl_typesupport_fastrtps_cpp/my_interfaces/msg/detail/dds_fastrtps/object_data__type_support.cpp.o] ì˜¤ë¥˜ 1
gmake[1]: *** [CMakeFiles/Makefile2:369: CMakeFiles/my_interfaces__rosidl_typesupport_introspection_cpp.dir/all] ì˜¤ë¥˜ 2
gmake[1]: *** [CMakeFiles/Makefile2:291: CMakeFiles/my_interfaces__rosidl_typesupport_fastrtps_cpp.dir/all] ì˜¤ë¥˜ 2
gmake: *** [Makefile:146: all] ì˜¤ë¥˜ 2
