[0.017s] Invoking command in '/home/gunwon/object_detection_ws/build/my_interfaces': CMAKE_PREFIX_PATH=/home/gunwon/object_detection_ws/install/yolo_detection:/opt/ros/humble /usr/bin/cmake /home/gunwon/object_detection_ws/src/my_interfaces -DCMAKE_INSTALL_PREFIX=/home/gunwon/object_detection_ws/install/my_interfaces
[0.405s] -- The C compiler identification is GNU 11.4.0
[0.527s] -- The CXX compiler identification is GNU 11.4.0
[0.544s] -- Detecting C compiler ABI info
[0.632s] -- Detecting C compiler ABI info - done
[0.639s] -- Check for working C compiler: /usr/bin/cc - skipped
[0.639s] -- Detecting C compile features
[0.640s] -- Detecting C compile features - done
[0.643s] -- Detecting CXX compiler ABI info
[0.736s] -- Detecting CXX compiler ABI info - done
[0.743s] -- Check for working CXX compiler: /usr/bin/c++ - skipped
[0.743s] -- Detecting CXX compile features
[0.743s] -- Detecting CXX compile features - done
[0.795s] -- Found ament_cmake: 1.3.11 (/opt/ros/humble/share/ament_cmake/cmake)
[0.972s] -- Found Python3: /usr/bin/python3 (found version "3.10.12") found components: Interpreter 
[1.087s] -- Found builtin_interfaces: 1.2.1 (/opt/ros/humble/share/builtin_interfaces/cmake)
[1.136s] -- Found rosidl_generator_c: 3.1.6 (/opt/ros/humble/share/rosidl_generator_c/cmake)
[1.142s] -- Found rosidl_adapter: 3.1.6 (/opt/ros/humble/share/rosidl_adapter/cmake)
[1.153s] -- Found rosidl_generator_cpp: 3.1.6 (/opt/ros/humble/share/rosidl_generator_cpp/cmake)
[1.167s] -- Using all available rosidl_typesupport_c: rosidl_typesupport_fastrtps_c;rosidl_typesupport_introspection_c
[1.186s] -- Using all available rosidl_typesupport_cpp: rosidl_typesupport_fastrtps_cpp;rosidl_typesupport_introspection_cpp
[1.203s] -- Found rosidl_default_generators: 1.2.0 (/opt/ros/humble/share/rosidl_default_generators/cmake)
[1.535s] -- Found ament_cmake_ros: 0.10.0 (/opt/ros/humble/share/ament_cmake_ros/cmake)
[1.977s] -- Using all available rosidl_typesupport_c: rosidl_typesupport_fastrtps_c;rosidl_typesupport_introspection_c
[2.156s] -- Using all available rosidl_typesupport_cpp: rosidl_typesupport_fastrtps_cpp;rosidl_typesupport_introspection_cpp
[2.195s] -- Found PythonInterp: /usr/bin/python3 (found suitable version "3.10.12", minimum required is "3.6") 
[2.200s] -- Found python_cmake_module: 0.10.0 (/opt/ros/humble/share/python_cmake_module/cmake)
[2.245s] -- Found PythonLibs: /usr/lib/x86_64-linux-gnu/libpython3.10.so (found suitable version "3.10.12", minimum required is "3.5") 
[2.245s] -- Using PYTHON_EXECUTABLE: /usr/bin/python3
[2.245s] -- Using PYTHON_INCLUDE_DIRS: /usr/include/python3.10
[2.245s] -- Using PYTHON_LIBRARIES: /usr/lib/x86_64-linux-gnu/libpython3.10.so
[2.278s] -- Found PythonExtra: .so  
[2.338s] -- Found ament_lint_auto: 0.12.11 (/opt/ros/humble/share/ament_lint_auto/cmake)
[2.375s] -- Added test 'lint_cmake' to check CMake code style
[2.376s] -- Added test 'xmllint' to check XML markup files
[2.379s] -- Configuring done
[2.409s] -- Generating done
[2.419s] -- Build files have been written to: /home/gunwon/object_detection_ws/build/my_interfaces
[2.426s] Invoked command in '/home/gunwon/object_detection_ws/build/my_interfaces' returned '0': CMAKE_PREFIX_PATH=/home/gunwon/object_detection_ws/install/yolo_detection:/opt/ros/humble /usr/bin/cmake /home/gunwon/object_detection_ws/src/my_interfaces -DCMAKE_INSTALL_PREFIX=/home/gunwon/object_detection_ws/install/my_interfaces
[2.431s] Invoking command in '/home/gunwon/object_detection_ws/build/my_interfaces': CMAKE_PREFIX_PATH=/home/gunwon/object_detection_ws/install/yolo_detection:/opt/ros/humble /usr/bin/cmake --build /home/gunwon/object_detection_ws/build/my_interfaces -- -j12 -l12
[2.512s] [  3%] [34m[1mGenerating C code for ROS interfaces[0m
[2.521s] [  6%] [34m[1mGenerating C++ code for ROS interfaces[0m
[2.542s] [  6%] Built target ament_cmake_python_copy_my_interfaces
[2.775s] [  6%] Built target my_interfaces__cpp
[2.787s] [ 19%] [34m[1mGenerating C++ type support dispatch for ROS interfaces[0m
[2.788s] [ 19%] [34m[1mGenerating C++ type support for eProsima Fast-RTPS[0m
[2.788s] [ 19%] [34m[1mGenerating C++ introspection for ROS interfaces[0m
[2.788s] [ 19%] [32mBuilding C object CMakeFiles/my_interfaces__rosidl_generator_c.dir/rosidl_generator_c/my_interfaces/msg/detail/object_data__functions.c.o[0m
[2.811s] In file included from [01m[K/home/gunwon/object_detection_ws/build/my_interfaces/rosidl_generator_c/my_interfaces/msg/detail/object_data__functions.h:19[m[K,
[2.811s]                  from [01m[K/home/gunwon/object_detection_ws/build/my_interfaces/rosidl_generator_c/my_interfaces/msg/detail/object_data__functions.c:4[m[K:
[2.811s] [01m[K/home/gunwon/object_detection_ws/build/my_interfaces/rosidl_generator_c/my_interfaces/msg/detail/object_data__struct.h:23:10:[m[K [01;31m[Kfatal error: [m[Kstd_msgs/msg/detail/int32_multi_array__struct.h: ê·¸ëŸ° íŒŒì¼ì´ë‚˜ ë””ë ‰í„°ë¦¬ê°€ ì—†ìŠµë‹ˆë‹¤
[2.811s]    23 | #include [01;31m[K"std_msgs/msg/detail/int32_multi_array__struct.h"[m[K
[2.812s]       |          [01;31m[K^~~~~~~~~~~~~~~~~~~~~~~~~~~~~~~~~~~~~~~~~~~~~~~~~[m[K
[2.812s] compilation terminated.
[2.813s] gmake[2]: *** [CMakeFiles/my_interfaces__rosidl_generator_c.dir/build.make:107: CMakeFiles/my_interfaces__rosidl_generator_c.dir/rosidl_generator_c/my_interfaces/msg/detail/object_data__functions.c.o] ì˜¤ë¥˜ 1
[2.813s] gmake[1]: *** [CMakeFiles/Makefile2:213: CMakeFiles/my_interfaces__rosidl_generator_c.dir/all] ì˜¤ë¥˜ 2
[2.813s] gmake[1]: *** ëë‚˜ì§€ ì•Šì€ ì‘ì—…ì„ ê¸°ë‹¤ë¦¬ê³  ìˆìŠµë‹ˆë‹¤....
[2.821s] running egg_info
[2.822s] creating my_interfaces.egg-info
[2.822s] writing my_interfaces.egg-info/PKG-INFO
[2.822s] writing dependency_links to my_interfaces.egg-info/dependency_links.txt
[2.822s] writing top-level names to my_interfaces.egg-info/top_level.txt
[2.823s] writing manifest file 'my_interfaces.egg-info/SOURCES.txt'
[2.825s] reading manifest file 'my_interfaces.egg-info/SOURCES.txt'
[2.826s] writing manifest file 'my_interfaces.egg-info/SOURCES.txt'
[2.874s] [ 19%] Built target ament_cmake_python_build_my_interfaces_egg
[3.025s] [ 22%] [32mBuilding CXX object CMakeFiles/my_interfaces__rosidl_typesupport_cpp.dir/rosidl_typesupport_cpp/my_interfaces/msg/object_data__type_support.cpp.o[0m
[3.037s] [ 25%] [32mBuilding CXX object CMakeFiles/my_interfaces__rosidl_typesupport_introspection_cpp.dir/rosidl_typesupport_introspection_cpp/my_interfaces/msg/detail/object_data__type_support.cpp.o[0m
[3.054s] [ 29%] [32mBuilding CXX object CMakeFiles/my_interfaces__rosidl_typesupport_fastrtps_cpp.dir/rosidl_typesupport_fastrtps_cpp/my_interfaces/msg/detail/dds_fastrtps/object_data__type_support.cpp.o[0m
[3.095s] In file included from [01m[K/home/gunwon/object_detection_ws/build/my_interfaces/rosidl_typesupport_cpp/my_interfaces/msg/object_data__type_support.cpp:7[m[K:
[3.096s] [01m[K/home/gunwon/object_detection_ws/build/my_interfaces/rosidl_generator_cpp/my_interfaces/msg/detail/object_data__struct.hpp:20:10:[m[K [01;31m[Kfatal error: [m[Kstd_msgs/msg/detail/int32_multi_array__struct.hpp: ê·¸ëŸ° íŒŒì¼ì´ë‚˜ ë””ë ‰í„°ë¦¬ê°€ ì—†ìŠµë‹ˆë‹¤
[3.096s]    20 | #include [01;31m[K"std_msgs/msg/detail/int32_multi_array__struct.hpp"[m[K
[3.096s]       |          [01;31m[K^~~~~~~~~~~~~~~~~~~~~~~~~~~~~~~~~~~~~~~~~~~~~~~~~~~[m[K
[3.096s] compilation terminated.
[3.098s] gmake[2]: *** [CMakeFiles/my_interfaces__rosidl_typesupport_cpp.dir/build.make:88: CMakeFiles/my_interfaces__rosidl_typesupport_cpp.dir/rosidl_typesupport_cpp/my_interfaces/msg/object_data__type_support.cpp.o] ì˜¤ë¥˜ 1
[3.098s] gmake[1]: *** [CMakeFiles/Makefile2:395: CMakeFiles/my_interfaces__rosidl_typesupport_cpp.dir/all] ì˜¤ë¥˜ 2
[3.112s] In file included from [01m[K/home/gunwon/object_detection_ws/build/my_interfaces/rosidl_typesupport_introspection_cpp/my_interfaces/msg/detail/object_data__type_support.cpp:12[m[K:
[3.112s] [01m[K/home/gunwon/object_detection_ws/build/my_interfaces/rosidl_generator_cpp/my_interfaces/msg/detail/object_data__struct.hpp:20:10:[m[K [01;31m[Kfatal error: [m[Kstd_msgs/msg/detail/int32_multi_array__struct.hpp: ê·¸ëŸ° íŒŒì¼ì´ë‚˜ ë””ë ‰í„°ë¦¬ê°€ ì—†ìŠµë‹ˆë‹¤
[3.112s]    20 | #include [01;31m[K"std_msgs/msg/detail/int32_multi_array__struct.hpp"[m[K
[3.112s]       |          [01;31m[K^~~~~~~~~~~~~~~~~~~~~~~~~~~~~~~~~~~~~~~~~~~~~~~~~~~[m[K
[3.113s] compilation terminated.
[3.113s] In file included from [01m[K/home/gunwon/object_detection_ws/build/my_interfaces/rosidl_typesupport_fastrtps_cpp/my_interfaces/msg/detail/object_data__rosidl_typesupport_fastrtps_cpp.hpp:11[m[K,
[3.113s]                  from [01m[K/home/gunwon/object_detection_ws/build/my_interfaces/rosidl_typesupport_fastrtps_cpp/my_interfaces/msg/detail/dds_fastrtps/object_data__type_support.cpp:4[m[K:
[3.113s] [01m[K/home/gunwon/object_detection_ws/build/my_interfaces/rosidl_generator_cpp/my_interfaces/msg/detail/object_data__struct.hpp:20:10:[m[K [01;31m[Kfatal error: [m[Kstd_msgs/msg/detail/int32_multi_array__struct.hpp: ê·¸ëŸ° íŒŒì¼ì´ë‚˜ ë””ë ‰í„°ë¦¬ê°€ ì—†ìŠµë‹ˆë‹¤
[3.113s]    20 | #include [01;31m[K"std_msgs/msg/detail/int32_multi_array__struct.hpp"[m[K
[3.113s]       |          [01;31m[K^~~~~~~~~~~~~~~~~~~~~~~~~~~~~~~~~~~~~~~~~~~~~~~~~~~[m[K
[3.113s] compilation terminated.
[3.114s] gmake[2]: *** [CMakeFiles/my_interfaces__rosidl_typesupport_introspection_cpp.dir/build.make:93: CMakeFiles/my_interfaces__rosidl_typesupport_introspection_cpp.dir/rosidl_typesupport_introspection_cpp/my_interfaces/msg/detail/object_data__type_support.cpp.o] ì˜¤ë¥˜ 1
[3.115s] gmake[2]: *** [CMakeFiles/my_interfaces__rosidl_typesupport_fastrtps_cpp.dir/build.make:93: CMakeFiles/my_interfaces__rosidl_typesupport_fastrtps_cpp.dir/rosidl_typesupport_fastrtps_cpp/my_interfaces/msg/detail/dds_fastrtps/object_data__type_support.cpp.o] ì˜¤ë¥˜ 1
[3.115s] gmake[1]: *** [CMakeFiles/Makefile2:369: CMakeFiles/my_interfaces__rosidl_typesupport_introspection_cpp.dir/all] ì˜¤ë¥˜ 2
[3.115s] gmake[1]: *** [CMakeFiles/Makefile2:291: CMakeFiles/my_interfaces__rosidl_typesupport_fastrtps_cpp.dir/all] ì˜¤ë¥˜ 2
[3.115s] gmake: *** [Makefile:146: all] ì˜¤ë¥˜ 2
[3.118s] Invoked command in '/home/gunwon/object_detection_ws/build/my_interfaces' returned '2': CMAKE_PREFIX_PATH=/home/gunwon/object_detection_ws/install/yolo_detection:/opt/ros/humble /usr/bin/cmake --build /home/gunwon/object_detection_ws/build/my_interfaces -- -j12 -l12
